BKT-S2#     sh tun
            ^
% Invalid command at '^' marker.
BKT-S2# sh run

!Command: show running-config
!No configuration change since last restart
!Time: Sun Mar  8 20:32:21 2026

version 9.3(10) Bios:version 05.47 
switchname BKT-S2
vdc BKT-S2 id 1
  limit-resource vlan minimum 16 maximum 4094
  limit-resource vrf minimum 2 maximum 4096
  limit-resource port-channel minimum 0 maximum 511
  limit-resource u4route-mem minimum 248 maximum 248
  limit-resource u6route-mem minimum 96 maximum 96
  limit-resource m4route-mem minimum 58 maximum 58
  limit-resource m6route-mem minimum 8 maximum 8

feature telnet
cfs eth distribute
feature ospf
feature pim
feature interface-vlan
feature vn-segment-vlan-based
feature hsrp
feature lacp
feature vpc
feature lldp
feature nv overlay

role name readonly
  rule 2 deny command configure terminal
  rule 1 permit read  
no password strength-check
username admin password 5 $5$HHNOCB$6nmMbRNPh3tVwD/7C7J2Lnld8XU92hoejgxJZXTyVa8  role network-admin
username mark password 5 $5$LAIHJP$DsGy9fEQkEVjIyIr6KoSJ3zX1B/vocgBgugmztavpH/  role readonly
username mark passphrase  lifetime 99999 warntime 14 gracetime 3
ip domain-lookup
logging message interface type ethernet description
copp profile strict
snmp-server user mark readonly auth md5 167F34152AE646BEE9604FDAA060957AF16E priv 367E1B213A8D24C7B2331BBCBE7CDF27AD62 localizedV2key
snmp-server user admin network-admin auth sha 5223D8CBC3DD3C57F4770BBDB07059C12C2FDC607709 priv aes-128 5203D203356AA24C9E2FA9FD1AEB83C9FB0DC51AE177 localizedV2key
rmon event 1 log trap public description FATAL(1) owner PMON@FATAL
rmon event 2 log trap public description CRITICAL(2) owner PMON@CRITICAL
rmon event 3 log trap public description ERROR(3) owner PMON@ERROR
rmon event 4 log trap public description WARNING(4) owner PMON@WARNING
rmon event 5 log trap public description INFORMATION(5) owner PMON@INFO
snmp-server community usn group network-operator
ntp server ntp.sotnet use-vrf management
ntp source-interface mgmt0
ntp logging

ip pim rp-address 172.27.0.1 group-list 239.27.0.0/16
ip pim ssm range 232.0.0.0/8
ip igmp ssm-translate 239.27.0.0/16 172.27.0.1
vlan 1,8-14,21-23,61-66,69-71,90,96-114,117-119,121-122,125,127,141-149,151,160-161,170,180,191,201-203,205,207-212,214-220,223-224,226,228,230-233,281,294-298,302-305,310-312,351-352,361-362,373,383,390,400-401,403-414,4
18,420-423,430-433,440-442,450,452,460,470-474,481-485,500-504,507-511,513-517,521-523,550-554,556-557,560-571,600,603,655,660-661,666,670,684-685,687,695,750-754,756,760-765
vlan 770-774,777,781-784,798,801-804,810-812,814,817-821,823,825,848-856,858-861,890-896,901,911-913,950,982,994-997,1111,2000-2011,2022
vlan 8
  name VXLAN-TEMP
vlan 9
  name VPC-LOCAL
vlan 10
  name BKT-KKT
vlan 11
  name EOK-BKT
vlan 12
  name KKT-NET
vlan 13
  name OSPF-GERINC
vlan 14
  name SRTG
vlan 21
  name EOK-KKT
vlan 22
  name KBE-KKT
vlan 23
  name KBE-BKT
vlan 61
  name MGMT-B
vlan 62
  name MGMT-K
vlan 63
  name MGMT-N
vlan 64
  name MGMT-ALETRA
vlan 65
  name MGMT-VMVARE1
vlan 66
  name MGMT-VMVARE2
vlan 69
  name MGMT-SE
vlan 70
  name FORTI-HA
vlan 71
  name WLC-HA
vlan 90
  name FIREWALL
vlan 96
  name EUREST-BELSO
  vn-segment 96
vlan 97
  name EUREST
  vn-segment 97
vlan 98
  name SE-KIADO
  vn-segment 98
vlan 99
  name SE-KFT
  vn-segment 99
vlan 100
  name BKT-gerinc
vlan 101
  name BEHIVO
  vn-segment 101
vlan 102
  name NEPTUN
vlan 103
  name IKGR
  vn-segment 103
vlan 104
  name DMZ1
  vn-segment 104
vlan 105
  name DMZ2
  vn-segment 105
vlan 106
  name BKTSERVERS
vlan 107
  name HMC1
  vn-segment 107
vlan 108
  name IKGR2
  vn-segment 108
vlan 109
  name LIB_BELSO
  vn-segment 109
vlan 110
  name BKT-GUEST
  vn-segment 110
vlan 111
  name SE-WIFI
  vn-segment 111
vlan 112
  name SE-WIFI-2
  vn-segment 112
vlan 113
  name PACS
  vn-segment 113
vlan 114
  name PACS_CLI
  vn-segment 114
vlan 117
  name HMC2
  vn-segment 117
vlan 118
  name KONF3
  vn-segment 118
vlan 119
  name LIB_TEL
  vn-segment 119
vlan 121
  name DROG
  vn-segment 121
vlan 122
  name GFI
vlan 125
  name OKTAT
vlan 127
  name GPFS-L2
  vn-segment 127
vlan 141
  name HIS
  vn-segment 141
vlan 142
  name SAP
  vn-segment 142
vlan 143
  name ANDROMEDA
  vn-segment 143
vlan 144
  name HIS_TESZT
  vn-segment 144
vlan 145
  name MEDBAKTER
vlan 146
  name ERAD
vlan 147
  name ERAD-INTERNAL
vlan 148
  name PACS_GE_MGMT
  vn-segment 148
vlan 149
  name GE_PACS_AWS
  vn-segment 149
vlan 151
  name PIC_NOI1_MON
  vn-segment 151
vlan 160
  name IPTEL-BKT
vlan 161
  name PIC_NOI1_INT
  vn-segment 161
vlan 170
  name EOK-DMZ1
  vn-segment 170
vlan 180
  name TTI
  vn-segment 180
vlan 191
  name EDUGUEST
  vn-segment 191
vlan 201
  name BEL2
  vn-segment 201
vlan 202
  name NOI1
  vn-segment 202
vlan 203
  name KORB1
vlan 205
  name SZEM2
  vn-segment 205
vlan 207
  name GYER2
  vn-segment 207
vlan 208
  name HOGYES
  vn-segment 208
vlan 209
  name LIB
  vn-segment 209
vlan 210
  name BOR
  vn-segment 210
vlan 211
  name ROCHE
  vn-segment 211
vlan 212
  name TRANS
vlan 214
  name PUSKIN
  vn-segment 214
vlan 215
  name FOK
vlan 216
  name SELYE
  vn-segment 216
vlan 217
  name ROKK
vlan 218
  name GYER2_MON
  vn-segment 218
vlan 219
  name RADIOMETER
  vn-segment 219
vlan 220
  name MEDMOB
  vn-segment 220
vlan 223
  name SEFA
vlan 224
  name ROCHE-BELSO
vlan 226
  name BEN-PAT
vlan 228
  name MULTIMEX
vlan 230
  name EFK
vlan 231
  name ETK-OKTAT
vlan 232
  name ETK-FELUGY
vlan 233
  name ETK-KOZV
vlan 281
  name SZERVES
  vn-segment 281
vlan 294
  name JIR-GYULAI
vlan 295
  name JIR-BAROS
vlan 296
  name JIR-KORANYI
vlan 297
  name JIR-XXX
vlan 298
  name JIR-BELSO
vlan 302
  name TELKONT
  vn-segment 302
vlan 303
  name TELKP
  vn-segment 303
vlan 304
  name KKTSERVERS
  vn-segment 304
vlan 305
  name BTIG_TEL
  vn-segment 305
vlan 310
  name SZAKKEP
  vn-segment 310
vlan 311
  name KKTSRV2
  vn-segment 311
vlan 312
  name PIC
  vn-segment 312
vlan 351
  name PIC_GYER1_MON
  vn-segment 351
vlan 352
  name PIC_NOI2_MON
  vn-segment 352
vlan 361
  name PIC_GYER1_INT
  vn-segment 361
vlan 362
  name PIC_NOI2_INT
  vn-segment 362
vlan 373
  name GYER1-VIDEO
  vn-segment 373
vlan 383
  name KORB2-OKT
  vn-segment 383
vlan 390
  name CISCO_CAP
vlan 400
  name KKTGERINC
  vn-segment 400
vlan 401
  name INF
vlan 403
  name GYER1
vlan 404
  name BEL1
  vn-segment 404
vlan 405
  name UROL
  vn-segment 405
vlan 406
  name NEUR
  vn-segment 406
vlan 407
  name TOMO
  vn-segment 407
vlan 408
  name PANCREAS
vlan 409
  name NOI2
  vn-segment 409
vlan 410
  name FULO
  vn-segment 410
vlan 411
  name PSYCH
  vn-segment 411
vlan 412
  name KORANYI-PROJEKT
  vn-segment 412
vlan 413
  name SEB1
  vn-segment 413
vlan 414
  name PULMO
  vn-segment 414
vlan 418
  name RADI
  vn-segment 418
vlan 420
  name LABMED
  vn-segment 420
vlan 421
  name INF2
vlan 422
  name INFADMIN
vlan 423
  name IPTEL-ROGZ
  vn-segment 423
vlan 430
  name BTIG
  vn-segment 430
vlan 431
  name BIZTTECH
vlan 432
  name KALVARIA
  vn-segment 432
vlan 433
  name FIZETO
  vn-segment 433
vlan 440
  name GMF-KKT
  vn-segment 440
vlan 441
  name BALASSA-KOLL
  vn-segment 441
vlan 442
  name BALASSA
  vn-segment 442
vlan 450
  name KOKI
  vn-segment 450
vlan 452
  name BARCZI
  vn-segment 452
vlan 460
  name NEUR-MR
  vn-segment 460
vlan 470
  name VPN-DOLG
  vn-segment 470
vlan 471
  name WIFI-DOLG
  vn-segment 471
vlan 472
  name EDU-DOLG
  vn-segment 472
vlan 473
  name EDU-STUD
  vn-segment 473
vlan 474
  name DOLG-VPN2
  vn-segment 474
vlan 481
  name ANA1
vlan 482
  name ANA2
  vn-segment 482
vlan 483
  name KORB2-IGAZ
vlan 484
  name SZOVETTAN
vlan 485
  name MANTA
  vn-segment 485
vlan 500
  name NET-GERINC
  vn-segment 500
vlan 501
  name SZOL1
  vn-segment 501
vlan 502
  name ORAL
  vn-segment 502
vlan 503
  name PHARMA
vlan 504
  name MIKRO
vlan 507
  name BIOL
  vn-segment 507
vlan 508
  name GYHAT
  vn-segment 508
vlan 509
  name KOZEG
  vn-segment 509
vlan 510
  name KORTAN
  vn-segment 510
vlan 511
  name MAGTUD
  vn-segment 511
vlan 513
  name NETGH
  vn-segment 513
vlan 514
  name KISSEB
  vn-segment 514
vlan 515
  name KARDIO
  vn-segment 515
vlan 516
  name LEPENY
vlan 517
  name IMMUNLAB
  vn-segment 517
vlan 521
  name REZSO-KOLL
  vn-segment 521
vlan 522
  name REZSO
  vn-segment 522
vlan 523
  name MENTAL
  vn-segment 523
vlan 550
  name EDUROAM
  vn-segment 550
vlan 551
  name KOLESZ
  vn-segment 551
vlan 552
  name KONFERENCIA
  vn-segment 552
vlan 553
  name RESTRICTED
  vn-segment 553
vlan 554
  name UNIFM
  vn-segment 554
vlan 556
  name STUDVPN
  vn-segment 556
vlan 557
  name VIZSGA
vlan 560
  name AP-BKT1
  vn-segment 560
vlan 561
  name AP-BKT2
  vn-segment 561
vlan 562
  name AP-BKT3
  vn-segment 562
vlan 563
  name AP-KKT1
  vn-segment 563
vlan 564
  name AP-KKT2
  vn-segment 564
vlan 565
  name AP-KKT3
  vn-segment 565
vlan 566
  name AP-NET1
  vn-segment 566
vlan 567
  name AP-NET2
  vn-segment 567
vlan 568
  name AP-RKT
  vn-segment 568
vlan 569
  name AP-ETK
vlan 570
  name AP-KOL1
  vn-segment 570
vlan 571
  name AP-KOL2
  vn-segment 571
vlan 600
  name NETLAN
  vn-segment 600
vlan 603
  name IPTEL-NET
  vn-segment 603
vlan 655
  name OVODA
  vn-segment 655
vlan 660
  name ERNO
  vn-segment 660
vlan 661
  name BESZIG
  vn-segment 661
vlan 666
  name FEJLESZT
  vn-segment 666
vlan 670
  name ISTVANKH
  vn-segment 670
vlan 684
  name FERENC
vlan 685
  name HARSFA
  vn-segment 685
vlan 687
  name SPORTTELEP
  vn-segment 687
vlan 695
  name HARSFA-KOLL
  vn-segment 695
vlan 750
  name EOK-MGMT
  vn-segment 750
vlan 751
  name EOK-GUEST
  vn-segment 751
vlan 752
  name EOK-WIFI-SERVICE
  vn-segment 752
vlan 753
  name EOK-WIFI-AP
  vn-segment 753
vlan 754
  name EOK-WIFI-PUBLIC
  vn-segment 754
vlan 756
  name BIOFIZ-MERES
  vn-segment 756
vlan 760
  name EOK-TEL
  vn-segment 760
vlan 761
  name BIFI
  vn-segment 761
vlan 762
  name OVI
  vn-segment 762
vlan 763
  name OBI
  vn-segment 763
vlan 764
  name ELET
  vn-segment 764
vlan 765
  name ELET2
  vn-segment 765
vlan 770
  name EOK-OKT
  vn-segment 770
vlan 771
  name BIOF-OKT
  vn-segment 771
vlan 772
  name OVI-OKT
  vn-segment 772
vlan 773
  name OBI-OKT
  vn-segment 773
vlan 774
  name ELET-OKT
  vn-segment 774
vlan 777
  name BIFI-BELSO
  vn-segment 777
vlan 781
  name EOK-KP
  vn-segment 781
vlan 782
  name EOK-HWMGMT
  vn-segment 782
vlan 783
  name EOK-VMOTION
  vn-segment 783
vlan 784
  name EOK-KHT
  vn-segment 784
vlan 798
  name EOK-BUFE
  vn-segment 798
vlan 801
  name ELLEN
  vn-segment 801
vlan 802
  name SZTOK
vlan 803
  name KPT
  vn-segment 803
vlan 804
  name BMS
vlan 810
  name GAZDFIG
vlan 811
  name AITK
  vn-segment 811
vlan 812
  name ROKUS-MED
vlan 814
  name ROKUS-GUEST
  vn-segment 814
vlan 817
  name BIOINF
vlan 818
  name CLOTPRO
  vn-segment 818
vlan 819
  name BC22MGMT
  vn-segment 819
vlan 820
  name ILLES26
  vn-segment 820
vlan 821
  name LFUI
vlan 823
  name BC22
vlan 825
  name E-INK-MER
vlan 848
  name GM
vlan 849
  name LEGKEZELO
vlan 850
  name MGMT-KB
  vn-segment 850
vlan 851
  name IPTEL-KB
  vn-segment 851
vlan 852
  name ORTOPEDIA
  vn-segment 852
vlan 853
  name LABOR
  vn-segment 853
vlan 854
  name KBE-MED
  vn-segment 854
vlan 855
  name KBE-INTRA
  vn-segment 855
vlan 856
  name HDMEDI
  vn-segment 856
vlan 858
  name ARO
  vn-segment 858
vlan 859
  name SBO-MONITOR
  vn-segment 859
vlan 860
  name AITK-MONITOR
  vn-segment 860
vlan 861
  name TRAUMA
vlan 890
  name ORFI-MGMT
vlan 891
  name ORFI-AP
vlan 892
  name ORFI-DOLG
vlan 893
  name ORFI-BIZT
vlan 894
  name ORFI-DIAG
vlan 895
  name ORFI-TEL
vlan 896
  name ORFI-SERV
vlan 901
  name KUT-BKT
vlan 911
  name HOSTSERVER
vlan 912
  name INFSERV
vlan 913
  name MEDSERV
vlan 950
  name ROKUS_950
  vn-segment 950
vlan 982
  name NIIF-INTERNET
  vn-segment 982
vlan 994
  name VILL-DOLG
  vn-segment 994
vlan 995
  name VILL-MGMT
  vn-segment 995
vlan 996
  name VILL-VENDEG
  vn-segment 996
vlan 997
  name VILL-BTI
  vn-segment 997
vlan 1111
  name Flowmon
vlan 2000
  name DOLG
vlan 2001
  name MEDI
vlan 2002
  name TANU
vlan 2003
  name GAZD
vlan 2004
  name MEDI_TANU
vlan 2005
  name MEDI_GAZD
vlan 2006
  name MEDI_GAZD_TANU
vlan 2007
  name GAZD_TANU
vlan 2008
  name INFO
vlan 2009
  name BIZT
vlan 2010
  name VEND
vlan 2011
  name IOT
vlan 2022
  name VmHA

ip prefix-list loopback-core seq 10 permit 172.27.0.0/24 eq 32 
ip prefix-list loopback-core seq 20 permit 172.27.4.0/23 eq 30 
route-map loopback-map permit 10
  match ip address prefix-list loopback-core 
vrf context management
  ip domain-name sotnet
  ip name-server 10.63.64.2
  ip route 0.0.0.0/0 10.63.64.1
vpc domain 13
  peer-switch
  role priority 2
  peer-keepalive destination 10.63.66.13 source 10.63.66.14
  peer-gateway
  auto-recovery
  ip arp synchronize


interface Vlan1
  no ip redirects
  no ipv6 redirects

interface Vlan9
  description VXLAN-CORE
  no shutdown
  mtu 9100
  no ip redirects
  ip address 172.27.4.54/30
  no ipv6 redirects
  ip ospf cost 110
  ip ospf network point-to-point
  no ip ospf passive-interface
  ip router ospf 2 area 172.27.0.0
  ip pim sparse-mode

interface port-channel1
  description PEER-LINK 
  switchport
  switchport mode trunk
  spanning-tree port type network
  vpc peer-link

interface port-channel2
  switchport
  switchport mode trunk
  switchport trunk allowed vlan 10-1000,1800,2000-2020
  spanning-tree port type network
  vpc 2

interface port-channel11
  description NEPTUN
  switchport
  switchport mode trunk
  switchport trunk allowed vlan 61,63,66,102,422,911
  vpc 11

interface port-channel12
  description NEPTUN
  switchport
  switchport mode trunk
  switchport trunk allowed vlan 61,63,66,102,422,911
  vpc 12

interface port-channel13
  description NEPTUN
  switchport
  switchport mode trunk
  switchport trunk allowed vlan 61,63,66,102,422,911
  vpc 13

interface port-channel14
  description NEPTUN
  switchport
  switchport mode trunk
  switchport trunk allowed vlan 61,63,66,102,422,911
  vpc 14

interface port-channel15
  description BC22
  switchport
  switchport mode trunk
  switchport trunk allowed vlan 69,160,217,431,560,802,821,823,913
  vpc 15

interface port-channel16
  description FOC
  switchport
  switchport mode trunk
  switchport trunk allowed vlan 61,69,100,110,118,122,215-216,390,430-431,442,554,560,695,753,849
  vpc 16

interface port-channel17
  description VEEAM_srv
  switchport
  switchport access vlan 63
  vpc 17

interface port-channel18
  description WLC-PROD1
  switchport
  switchport mode trunk
  switchport trunk native vlan 999
  switchport trunk allowed vlan 220,422,552,568,999,2000-2020
  vpc 18

interface port-channel19
  description VEEAM_NEW
  switchport
  switchport access vlan 63
  vpc 19

interface nve1
  source-interface loopback0
  member vni 10 mcast-group 239.27.100.9
  member vni 11 mcast-group 239.27.100.1
  member vni 12 mcast-group 239.27.100.1
  member vni 13 mcast-group 239.27.100.1
  member vni 21 mcast-group 239.27.100.1
  member vni 22 mcast-group 239.27.100.1
  member vni 23 mcast-group 239.27.100.1
  member vni 62 mcast-group 239.27.100.1
  member vni 70 mcast-group 239.27.100.1
  member vni 71 mcast-group 239.27.100.1
  member vni 90 mcast-group 239.27.100.1
  member vni 96 mcast-group 239.27.100.2
  member vni 97 mcast-group 239.27.100.2
  member vni 98 mcast-group 239.27.100.2
  member vni 99 mcast-group 239.27.100.2
  member vni 100 mcast-group 239.27.100.2
  member vni 101 mcast-group 239.27.100.1
  member vni 103 mcast-group 239.27.100.1
  member vni 104 mcast-group 239.27.100.1
  member vni 105 mcast-group 239.27.100.1
  member vni 106 mcast-group 239.27.100.1
  member vni 107 mcast-group 239.27.100.1
  member vni 108 mcast-group 239.27.100.2
  member vni 109 mcast-group 239.27.100.3
  member vni 110 mcast-group 239.27.100.2
  member vni 111 mcast-group 239.27.100.2
  member vni 112 mcast-group 239.27.100.2
  member vni 113 mcast-group 239.27.100.3
  member vni 114 mcast-group 239.27.100.3
  member vni 117 mcast-group 239.27.100.1
  member vni 118 mcast-group 239.27.100.2
  member vni 119 mcast-group 239.27.100.1
  member vni 121 mcast-group 239.27.100.3
  member vni 122 mcast-group 239.27.100.2
  member vni 125 mcast-group 239.27.100.2
  member vni 127 mcast-group 239.27.100.1
  member vni 141 mcast-group 239.27.100.1
  member vni 142 mcast-group 239.27.100.1
  member vni 143 mcast-group 239.27.100.3
  member vni 144 mcast-group 239.27.100.3
  member vni 145 mcast-group 239.27.100.3
  member vni 146 mcast-group 239.27.100.6
  member vni 147 mcast-group 239.27.100.6
  member vni 148 mcast-group 239.27.100.6
  member vni 149 mcast-group 239.27.100.3
  member vni 151 mcast-group 239.27.100.3
  member vni 160 mcast-group 239.27.100.1
  member vni 161 mcast-group 239.27.100.3
  member vni 170 mcast-group 239.27.100.4
  member vni 180 mcast-group 239.27.100.2
  member vni 191 mcast-group 239.27.100.2
  member vni 201 mcast-group 239.27.100.3
  member vni 202 mcast-group 239.27.100.3
  member vni 203 mcast-group 239.27.100.3
  member vni 205 mcast-group 239.27.100.3
  member vni 207 mcast-group 239.27.100.3
  member vni 208 mcast-group 239.27.100.3
  member vni 209 mcast-group 239.27.100.3
  member vni 210 mcast-group 239.27.100.3
  member vni 211 mcast-group 239.27.100.3
  member vni 212 mcast-group 239.27.100.3
  member vni 214 mcast-group 239.27.100.4
  member vni 215 mcast-group 239.27.100.3
  member vni 216 mcast-group 239.27.100.1
  member vni 217 mcast-group 239.27.100.1
  member vni 218 mcast-group 239.27.100.3
  member vni 219 mcast-group 239.27.100.3
  member vni 220 mcast-group 239.27.100.3
  member vni 230 mcast-group 239.27.100.2
  member vni 281 mcast-group 239.27.100.3
  member vni 302 mcast-group 239.27.100.1
  member vni 303 mcast-group 239.27.100.1
  member vni 304 mcast-group 239.27.100.1
  member vni 305 mcast-group 239.27.100.1
  member vni 310 mcast-group 239.27.100.2
  member vni 311 mcast-group 239.27.100.1
  member vni 312 mcast-group 239.27.100.3
  member vni 351 mcast-group 239.27.100.3
  member vni 352 mcast-group 239.27.100.3
  member vni 361 mcast-group 239.27.100.3
  member vni 362 mcast-group 239.27.100.3
  member vni 373 mcast-group 239.27.100.3
  member vni 383 mcast-group 239.27.100.4
  member vni 390 mcast-group 239.27.100.2
  member vni 400 mcast-group 239.27.100.1
  member vni 401 mcast-group 239.27.100.2
  member vni 403 mcast-group 239.27.100.3
  member vni 404 mcast-group 239.27.100.3
  member vni 405 mcast-group 239.27.100.3
  member vni 406 mcast-group 239.27.100.3
  member vni 407 mcast-group 239.27.100.3
  member vni 409 mcast-group 239.27.100.3
  member vni 410 mcast-group 239.27.100.3
  member vni 411 mcast-group 239.27.100.3
  member vni 412 mcast-group 239.27.100.2
  member vni 413 mcast-group 239.27.100.3
  member vni 414 mcast-group 239.27.100.3
  member vni 418 mcast-group 239.27.100.3
  member vni 420 mcast-group 239.27.100.3
  member vni 421 mcast-group 239.27.100.1
  member vni 423 mcast-group 239.27.100.2
  member vni 430 mcast-group 239.27.4.30
  member vni 431 mcast-group 239.27.100.2
  member vni 432 mcast-group 239.27.100.3
  member vni 433 mcast-group 239.27.4.33
  member vni 440 mcast-group 239.27.100.2
  member vni 441 mcast-group 239.27.100.2
  member vni 442 mcast-group 239.27.100.2
  member vni 450 mcast-group 239.27.100.5
  member vni 452 mcast-group 239.27.100.5
  member vni 460 mcast-group 239.27.100.3
  member vni 470 mcast-group 239.27.100.1
  member vni 471 mcast-group 239.27.100.1
  member vni 472 mcast-group 239.27.100.1
  member vni 473 mcast-group 239.27.100.2
  member vni 474 mcast-group 239.27.100.1
  member vni 481 mcast-group 239.27.100.4
  member vni 482 mcast-group 239.27.100.4
  member vni 484 mcast-group 239.27.100.4
  member vni 485 mcast-group 239.27.100.1
  member vni 500 mcast-group 239.27.100.4
  member vni 501 mcast-group 239.27.100.4
  member vni 502 mcast-group 239.27.100.4
  member vni 507 mcast-group 239.27.100.4
  member vni 508 mcast-group 239.27.100.4
  member vni 509 mcast-group 239.27.100.4
  member vni 510 mcast-group 239.27.100.4
  member vni 511 mcast-group 239.27.100.4
  member vni 513 mcast-group 239.27.100.2
  member vni 514 mcast-group 239.27.100.4
  member vni 515 mcast-group 239.27.100.5
  member vni 516 mcast-group 239.27.100.4
  member vni 517 mcast-group 239.27.100.4
  member vni 521 mcast-group 239.27.100.4
  member vni 522 mcast-group 239.27.100.2
  member vni 523 mcast-group 239.27.100.4
  member vni 550 mcast-group 239.27.100.2
  member vni 551 mcast-group 239.27.100.2
  member vni 552 mcast-group 239.27.100.2
  member vni 553 mcast-group 239.27.100.2
  member vni 554 mcast-group 239.27.100.2
  member vni 556 mcast-group 239.27.100.1
  member vni 560 mcast-group 239.27.100.2
  member vni 561 mcast-group 239.27.100.2
  member vni 562 mcast-group 239.27.100.2
  member vni 563 mcast-group 239.27.100.2
  member vni 564 mcast-group 239.27.100.2
  member vni 565 mcast-group 239.27.100.2
  member vni 566 mcast-group 239.27.100.2
  member vni 567 mcast-group 239.27.100.2
  member vni 568 mcast-group 239.27.100.2
  member vni 569 mcast-group 239.27.100.2
  member vni 570 mcast-group 239.27.100.2
  member vni 571 mcast-group 239.27.100.2
  member vni 600 mcast-group 239.27.100.4
  member vni 603 mcast-group 239.27.100.2
  member vni 655 mcast-group 239.27.100.5
  member vni 660 mcast-group 239.27.100.4
  member vni 661 mcast-group 239.27.100.5
  member vni 666 mcast-group 239.27.100.1
  member vni 670 mcast-group 239.27.100.5
  member vni 684 mcast-group 239.27.100.4
  member vni 685 mcast-group 239.27.100.2
  member vni 687 mcast-group 239.27.100.5
  member vni 695 mcast-group 239.27.100.5
  member vni 750 mcast-group 239.27.100.4
  member vni 751 mcast-group 239.27.100.2
  member vni 752 mcast-group 239.27.100.2
  member vni 753 mcast-group 239.27.100.2
  member vni 754 mcast-group 239.27.100.2
  member vni 756 mcast-group 239.27.100.4
  member vni 760 mcast-group 239.27.100.5
  member vni 761 mcast-group 239.27.100.4
  member vni 762 mcast-group 239.27.100.4
  member vni 763 mcast-group 239.27.100.4
  member vni 764 mcast-group 239.27.100.4
  member vni 765 mcast-group 239.27.100.4
  member vni 770 mcast-group 239.27.100.4
  member vni 771 mcast-group 239.27.100.4
  member vni 772 mcast-group 239.27.100.4
  member vni 773 mcast-group 239.27.100.4
  member vni 774 mcast-group 239.27.100.4
  member vni 777 mcast-group 239.27.100.4
  member vni 781 mcast-group 239.27.100.4
  member vni 782 mcast-group 239.27.100.4
  member vni 783 mcast-group 239.27.100.4
  member vni 784 mcast-group 239.27.100.4
  member vni 798 mcast-group 239.27.100.5
  member vni 801 mcast-group 239.27.100.2
  member vni 802 mcast-group 239.27.100.2
  member vni 803 mcast-group 239.27.100.2
  member vni 810 mcast-group 239.27.100.2
  member vni 811 mcast-group 239.27.100.3
  member vni 812 mcast-group 239.27.100.5
  member vni 814 mcast-group 239.27.100.5
  member vni 817 mcast-group 239.27.100.4
  member vni 818 mcast-group 239.27.100.9
  member vni 819 mcast-group 239.27.100.6
  member vni 820 mcast-group 239.27.100.6
  member vni 850 mcast-group 239.27.100.1
  member vni 851 mcast-group 239.27.100.1
  member vni 852 mcast-group 239.27.100.3
  member vni 853 mcast-group 239.27.100.3
  member vni 854 mcast-group 239.27.100.3
  member vni 855 mcast-group 239.27.100.3
  member vni 856 mcast-group 239.27.100.3
  member vni 858 mcast-group 239.27.100.3
  member vni 859 mcast-group 239.27.100.3
  member vni 860 mcast-group 239.27.100.3
  member vni 912 mcast-group 239.27.100.1
  member vni 950 mcast-group 239.27.100.1
  member vni 982 mcast-group 239.27.100.1
  member vni 994 mcast-group 239.27.100.1
  member vni 995 mcast-group 239.27.100.1
  member vni 996 mcast-group 239.27.100.1
  member vni 997 mcast-group 239.27.100.1

interface Ethernet1/1
  description ROKK Szilard u.
  switchport
  switchport mode trunk
  switchport trunk native vlan 217
  switchport trunk allowed vlan 103,110,124,160,217,390,423,430-431,753

interface Ethernet1/2
  description Mikszath ter
  switchport
  switchport mode trunk
  switchport trunk native vlan 61
  switchport trunk allowed vlan 61,110,119,209,390,431,753

interface Ethernet1/3
  description BEL2 A Epulet
  switchport
  switchport mode trunk
  switchport trunk native vlan 69
  switchport trunk allowed vlan 69,125,160,201,390,401,411,431,471,802,810

interface Ethernet1/4
  description CityCorner
  switchport
  switchport mode trunk
  switchport trunk allowed vlan 62,69,100,125,160,217,390,401,431,481,484,684,810

interface Ethernet1/5
  description KORB1
  switchport
  switchport mode trunk
  switchport access vlan 203
  switchport trunk native vlan 203
  switchport trunk allowed vlan 69,110,116,203,253,390,431,753

interface Ethernet1/6

interface Ethernet1/7
  description B52-gepterem
  switchport
  switchport mode trunk
  switchport trunk allowed vlan 10-1000,1022

interface Ethernet1/8
  description ETK
  switchport
  switchport mode trunk
  switchport trunk native vlan 69
  switchport trunk allowed vlan 69,160,230-233,431,569

interface Ethernet1/9

interface Ethernet1/10

interface Ethernet1/11
  description TORLASZ_srv
  switchport
  switchport mode trunk
  switchport trunk allowed vlan 61,310,481,484,500,510-511,802

interface Ethernet1/12
  description TORLASZ_srv
  switchport
  switchport mode trunk
  switchport trunk allowed vlan 61,310,481,484,500,510-511,802

interface Ethernet1/13
  description TORLASZ_srv
  switchport
  switchport mode trunk
  switchport trunk allowed vlan 61,310,481,484,500,510-511,802

interface Ethernet1/14
  description TORLASZ
  switchport
  switchport mode trunk
  switchport trunk allowed vlan 310,481,484,500,510-511,802

interface Ethernet1/15
  description TORLASZ
  switchport
  switchport mode trunk
  switchport trunk allowed vlan 310,481,484,500,510-511,802

interface Ethernet1/16
  description TORLASZ
  switchport
  switchport mode trunk
  switchport trunk allowed vlan 310,481,484,500,510-511,802

interface Ethernet1/17
  description TORLASZ
  switchport
  switchport mode trunk
  switchport trunk allowed vlan 310,481,484,500,510-511,802

interface Ethernet1/18
  description TORLASZ
  switchport
  switchport mode trunk
  switchport trunk allowed vlan 310,481,484,500,510-511,802

interface Ethernet1/19

interface Ethernet1/20
  description NEW-VEEAM-SRV
  switchport
  switchport access vlan 63
  channel-group 19 mode active

interface Ethernet1/21
  description NAGY_T_VM
  switchport
  switchport mode trunk
  switchport trunk native vlan 203
  switchport trunk allowed vlan 203,223
  spanning-tree port type edge

interface Ethernet1/22

interface Ethernet1/23

interface Ethernet1/24

interface Ethernet1/25

interface Ethernet1/26

interface Ethernet1/27

interface Ethernet1/28

interface Ethernet1/29

interface Ethernet1/30
  no shutdown

interface Ethernet1/31
  description WLC-PROD1
  switchport
  switchport mode trunk
  switchport trunk native vlan 999
  switchport trunk allowed vlan 220,422,552,568,999,2000-2020
  channel-group 18 mode active

interface Ethernet1/32
  description WLC-PROD1
  switchport
  switchport mode trunk
  switchport trunk native vlan 999
  switchport trunk allowed vlan 220,422,552,568,999,2000-2020
  channel-group 18 mode active

interface Ethernet1/33
  description ALLETRA-BKT
  switchport
  switchport access vlan 64

interface Ethernet1/34
  description ALLETRA-BKT
  switchport
  switchport access vlan 64

interface Ethernet1/35

interface Ethernet1/36
  description FOC
  shutdown
  switchport
  switchport mode trunk
  switchport trunk allowed vlan 61,69,100,110,118,122,215-216,390,430-431,442,554,560,695,753,849
  channel-group 16 mode active

interface Ethernet1/37
  description Synology (Uj)
  lacp rate fast
  switchport
  switchport access vlan 63
  channel-group 17 mode active

interface Ethernet1/38
  description BC22
  shutdown
  switchport
  switchport mode trunk
  switchport trunk allowed vlan 69,160,217,431,560,802,821,823,913
  channel-group 15 mode active

interface Ethernet1/39

interface Ethernet1/40

interface Ethernet1/41
  description NEPTUN
  switchport
  switchport mode trunk
  switchport trunk allowed vlan 61,63,66,102

interface Ethernet1/42
  description NEPTUN
  switchport
  switchport mode trunk
  switchport trunk allowed vlan 61,63,66,102

interface Ethernet1/43
  description NEPTUN
  switchport
  switchport mode trunk
  switchport trunk allowed vlan 61,63,66,102

interface Ethernet1/44
  description NEPTUN
  switchport
  switchport mode trunk
  switchport trunk allowed vlan 61,63,66,102

interface Ethernet1/45
  description NEPTUN
  switchport
  switchport mode trunk
  switchport trunk allowed vlan 61,63,66,102,422,911
  channel-group 14 mode active

interface Ethernet1/46
  description NEPTUN
  switchport
  switchport mode trunk
  switchport trunk allowed vlan 61,63,66,102,422,911
  channel-group 13 mode active

interface Ethernet1/47
  description NEPTUN
  switchport
  switchport mode trunk
  switchport trunk allowed vlan 61,63,66,102,422,911
  channel-group 12 mode active

interface Ethernet1/48
  description NEPTUN
  switchport
  switchport mode trunk
  switchport trunk allowed vlan 61,63,66,102,422,911
  channel-group 11 mode active

interface Ethernet1/49
  description VXLAN-CORE
  mtu 9100
  ip address 172.20.4.50/30
  ip ospf cost 100
  ip ospf network point-to-point
  no ip ospf passive-interface
  ip router ospf 2 area 172.20.0.0
  ip pim sparse-mode
  no shutdown

interface Ethernet1/50

interface Ethernet1/51
  description VXLAN-CORE
  mtu 9100
  no ip redirects
  ip address 172.27.4.74/30
  no ipv6 redirects
  ip ospf cost 110
  ip ospf network point-to-point
  no ip ospf passive-interface
  ip router ospf 2 area 172.27.0.0
  ip pim sparse-mode
  no shutdown

interface Ethernet1/52
  description NEXUS Gerinc
  switchport
  switchport mode trunk
  switchport trunk allowed vlan 10-1000,1800,2000-2020
  channel-group 2 mode active

interface Ethernet1/53
  description PEER-LINK 
  switchport
  switchport mode trunk
  channel-group 1 mode active

interface Ethernet1/54
  description PEER-LINK 
  switchport
  switchport mode trunk
  channel-group 1 mode active

interface mgmt0
  vrf member management
  ip address 10.63.66.14/21

interface loopback0
  ip address 172.27.0.14/32
  ip address 172.27.0.113/32 secondary
  ip router ospf 2 area 172.27.0.0
  ip pim sparse-mode
  ip igmp join-group 239.27.0.1
icam monitor scale

cli alias name wr copy running-config startup-config 
cli alias name wrnet copy running-config tftp://tftp.sotnet/$(SWITCHNAME).cfg vrf management 
cli alias name c conf t 
line console
line vty
  exec-timeout 120
boot nxos bootflash:/nxos.9.3.10.bin 
router ospf 2
  router-id 172.27.0.14
  log-adjacency-changes detail
  table-map loopback-map filter
  passive-interface default
no system default switchport shutdown

logging server 10.33.111.70 6 port 1514 use-vrf management
logging source-interface mgmt0
logging timestamp milliseconds
logging origin-id string NEXUS


BKT-S2#   sh int statu

--------------------------------------------------------------------------------
Port          Name               Status    Vlan      Duplex  Speed   Type
--------------------------------------------------------------------------------
mgmt0         --                 connected routed    full    1000    --         

--------------------------------------------------------------------------------
Port          Name               Status    Vlan      Duplex  Speed   Type
--------------------------------------------------------------------------------
Eth1/1        ROKK Szilard u.    xcvrAbsen trunk     auto    auto    --         
Eth1/2        Mikszath ter       notconnec trunk     auto    auto    10Gbase-LR 
Eth1/3        BEL2 A Epulet      xcvrAbsen trunk     auto    auto    --         
Eth1/4        CityCorner         connected trunk     full    10G     10Gbase-LR 
Eth1/5        KORB1              connected trunk     full    1000    --         
Eth1/6        --                 disabled  routed    auto    auto    10Gbase-LR 
Eth1/7        B52-gepterem       connected trunk     full    10G     10Gbase-LR 
Eth1/8        ETK                connected trunk     full    10G     10Gbase-LR 
Eth1/9        --                 disabled  routed    auto    auto    10Gbase-LR 
Eth1/10       --                 disabled  routed    auto    auto    10Gbase-LR 
Eth1/11       TORLASZ_srv        connected trunk     full    10G     10Gbase-SR 
Eth1/12       TORLASZ_srv        connected trunk     full    10G     10Gbase-SR 
Eth1/13       TORLASZ_srv        connected trunk     full    10G     10Gbase-SR 
Eth1/14       TORLASZ            xcvrAbsen trunk     auto    auto    --         
Eth1/15       TORLASZ            xcvrAbsen trunk     auto    auto    --         
Eth1/16       TORLASZ            xcvrAbsen trunk     auto    auto    --         
Eth1/17       TORLASZ            xcvrAbsen trunk     auto    auto    --         
Eth1/18       TORLASZ            xcvrAbsen trunk     auto    auto    --         
Eth1/19       --                 xcvrAbsen routed    auto    auto    --         
Eth1/20       NEW-VEEAM-SRV      connected 63        full    25G     SFP-H25GB-SR
Eth1/21       NAGY_T_VM          connected trunk     full    10G     10Gbase-SR 
Eth1/22       --                 disabled  routed    auto    auto    10Gbase-SR 
Eth1/23       --                 xcvrAbsen routed    auto    auto    --         
Eth1/24       --                 disabled  routed    auto    auto    10Gbase-SR 
Eth1/25       --                 xcvrAbsen routed    auto    auto    --         
Eth1/26       --                 disabled  routed    auto    auto    10Gbase-LR 
Eth1/27       --                 xcvrAbsen routed    auto    auto    --         
Eth1/28       --                 xcvrAbsen routed    auto    auto    --         
Eth1/29       --                 xcvrAbsen routed    auto    auto    --         
Eth1/30       --                 notconnec routed    auto    auto    1000base-SX
Eth1/31       WLC-PROD1          connected trunk     full    10G     10Gbase-SR 
Eth1/32       WLC-PROD1          connected trunk     full    10G     10Gbase-SR 
Eth1/33       ALLETRA-BKT        connected 64        full    25G     SFP-H25GB-SR
Eth1/34       ALLETRA-BKT        connected 64        full    25G     SFP-H25GB-SR
Eth1/35       --                 xcvrAbsen routed    auto    auto    --         
Eth1/36       FOC                disabled  trunk     auto    auto    10Gbase-LR 
Eth1/37       Synology (Uj)      connected 63        full    10G     10Gbase-SR 
Eth1/38       BC22               disabled  trunk     auto    auto    10Gbase-LR 
Eth1/39       --                 xcvrAbsen routed    auto    auto    --         
Eth1/40       --                 xcvrAbsen routed    auto    auto    --         
Eth1/41       NEPTUN             notconnec trunk     auto    auto    10Gbase-SR 
Eth1/42       NEPTUN             notconnec trunk     auto    auto    10Gbase-SR 
Eth1/43       NEPTUN             notconnec trunk     auto    auto    10Gbase-SR 
Eth1/44       NEPTUN             notconnec trunk     auto    auto    10Gbase-SR 
Eth1/45       NEPTUN             connected trunk     full    10G     10Gbase-SR 
Eth1/46       NEPTUN             connected trunk     full    10G     10Gbase-SR 
Eth1/47       NEPTUN             suspended trunk     auto    auto    10Gbase-SR 
Eth1/48       NEPTUN             suspended trunk     auto    auto    10Gbase-SR 
Eth1/49       VXLAN-CORE         xcvrAbsen routed    auto    auto    --         
Eth1/50       --                 xcvrAbsen routed    auto    auto    --         
Eth1/51       VXLAN-CORE         connected routed    full    100G    QSFP-100G-CR4
Eth1/52       NEXUS Gerinc       connected trunk     full    100G    QSFP-100G-CR4
Eth1/53       PEER-LINK          connected trunk     full    100G    QSFP-100G-CR4
Eth1/54       PEER-LINK          connected trunk     full    100G    QSFP-100G-CR4

--------------------------------------------------------------------------------
Port          Name               Status    Vlan      Duplex  Speed   Type
--------------------------------------------------------------------------------
Po1           PEER-LINK          connected trunk     full    100G    --         
Po2           --                 connected trunk     full    100G    --         
Po11          NEPTUN             noOperMem trunk     auto    auto    --         
Po12          NEPTUN             noOperMem trunk     auto    auto    --         
Po13          NEPTUN             connected trunk     full    10G     --         
Po14          NEPTUN             connected trunk     full    10G     --         
Po15          BC22               noOperMem trunk     auto    auto    --         
Po16          FOC                noOperMem trunk     auto    auto    --         
Po17          VEEAM_srv          connected 63        full    10G     --         
Po18          WLC-PROD1          connected trunk     full    10G     --         
Po19          VEEAM_NEW          connected 63        full    25G     --         

--------------------------------------------------------------------------------
Port          Name               Status    Vlan      Duplex  Speed   Type
--------------------------------------------------------------------------------
Lo0           --                 connected routed    auto    auto    --         

--------------------------------------------------------------------------------
Port          Name               Status    Vlan      Duplex  Speed   Type
--------------------------------------------------------------------------------
Vlan1         --                 down      routed    auto    auto    --
Vlan9         VXLAN-CORE         connected routed    auto    auto    --

--------------------------------------------------------------------------------
Port          Name               Status    Vlan      Duplex  Speed   Type
--------------------------------------------------------------------------------
nve1          --                 down      --        auto    auto    --         
BKT-S2#   sh int desc

-------------------------------------------------------------------------------
Interface                Description                                            
-------------------------------------------------------------------------------
mgmt0                    --

-------------------------------------------------------------------------------
Port          Type   Speed   Description
-------------------------------------------------------------------------------
Eth1/1        eth    25G     ROKK Szilard u.
Eth1/2        eth    10G     Mikszath ter
Eth1/3        eth    25G     BEL2 A Epulet
Eth1/4        eth    10G     CityCorner
Eth1/5        eth    1000    KORB1
Eth1/6        eth    10G     --
Eth1/7        eth    10G     B52-gepterem
Eth1/8        eth    10G     ETK
Eth1/9        eth    10G     --
Eth1/10       eth    10G     --
Eth1/11       eth    10G     TORLASZ_srv
Eth1/12       eth    10G     TORLASZ_srv
Eth1/13       eth    10G     TORLASZ_srv
Eth1/14       eth    25G     TORLASZ
Eth1/15       eth    25G     TORLASZ
Eth1/16       eth    25G     TORLASZ
Eth1/17       eth    25G     TORLASZ
Eth1/18       eth    25G     TORLASZ
Eth1/19       eth    25G     --
Eth1/20       eth    25G     NEW-VEEAM-SRV
Eth1/21       eth    10G     NAGY_T_VM
Eth1/22       eth    10G     --
Eth1/23       eth    25G     --
Eth1/24       eth    10G     --
Eth1/25       eth    25G     --
Eth1/26       eth    10G     --
Eth1/27       eth    25G     --
Eth1/28       eth    25G     --
Eth1/29       eth    25G     --
Eth1/30       eth    1000    --
Eth1/31       eth    10G     WLC-PROD1
Eth1/32       eth    10G     WLC-PROD1
Eth1/33       eth    25G     ALLETRA-BKT
Eth1/34       eth    25G     ALLETRA-BKT
Eth1/35       eth    25G     --
Eth1/36       eth    10G     FOC
Eth1/37       eth    10G     Synology (Uj)
Eth1/38       eth    10G     BC22
Eth1/39       eth    25G     --
Eth1/40       eth    25G     --
Eth1/41       eth    10G     NEPTUN
Eth1/42       eth    10G     NEPTUN
Eth1/43       eth    10G     NEPTUN
Eth1/44       eth    10G     NEPTUN
Eth1/45       eth    10G     NEPTUN
Eth1/46       eth    10G     NEPTUN
Eth1/47       eth    10G     NEPTUN
Eth1/48       eth    10G     NEPTUN
Eth1/49       eth    100G    VXLAN-CORE
Eth1/50       eth    100G    --
Eth1/51       eth    100G    VXLAN-CORE
Eth1/52       eth    100G    NEXUS Gerinc
Eth1/53       eth    100G    PEER-LINK 
Eth1/54       eth    100G    PEER-LINK 

-------------------------------------------------------------------------------
Interface                Description                                            
-------------------------------------------------------------------------------
Po1                      PEER-LINK 
Po2                      --
Po11                     NEPTUN
Po12                     NEPTUN
Po13                     NEPTUN
Po14                     NEPTUN
Po15                     BC22
Po16                     FOC
Po17                     VEEAM_srv
Po18                     WLC-PROD1
Po19                     VEEAM_NEW

-------------------------------------------------------------------------------
Interface                Description                                            
-------------------------------------------------------------------------------
Lo0                      --

-------------------------------------------------------------------------------
Interface                Description                                            
-------------------------------------------------------------------------------
Vlan1                    --
Vlan9                    VXLAN-CORE
BKT-S2#  sh cdp nei de
----------------------------------------
Device ID:SW2-MGMT.sotnet
VTP Management Domain Name: sotnet

Interface address(es): 1
    IPv4 Address: 10.63.64.167
Platform: cisco C9200L-48T-4G, Capabilities: Switch IGMP Filtering 
Interface: mgmt0, Port ID (outgoing port): GigabitEthernet1/0/3
Holdtime: 150 sec

Version:
Cisco IOS Software [Cupertino], Catalyst L3 Switch Software (CAT9K_LITE_IOSXE), Version 17.8.1, RELEASE SOFTWARE (fc2)
Technical Support: http://www.cisco.com/techsupport
Copyright (c) 1986-2022 by Cisco Systems, Inc.
Compiled Sat 09-Apr-22 00:34 by mcpre

Advertisement Version: 2

Native VLAN: 69
Duplex: full
Mgmt address(es):
    IPv4 Address: 10.63.64.167
Local Interface MAC: 68:87:c6:e4:cf:a0
Remote Interface MAC: 6c:8b:d3:c8:6c:83
----------------------------------------
Device ID:ST04-CITY.sotnet
VTP Management Domain Name: sotnet

Interface address(es): 1
    IPv4 Address: 10.63.64.66
Platform: cisco WS-C2960X-48TD-L, Capabilities: Switch IGMP Filtering 
Interface: Ethernet1/4, Port ID (outgoing port): TenGigabitEthernet3/0/1
Holdtime: 145 sec

Version:
Cisco IOS Software, C2960X Software (C2960X-UNIVERSALK9-M), Version 15.2(7)E1, RELEASE SOFTWARE (fc4)
Technical Support: http://www.cisco.com/techsupport
Copyright (c) 1986-2019 by Cisco Systems, Inc.
Compiled Sat 07-Dec-19 09:42 by prod_rel_team

Advertisement Version: 2

Native VLAN: 1
Duplex: full
Mgmt address(es):
    IPv4 Address: 10.63.64.66
Local Interface MAC: 68:87:c6:e4:cf:ab
Remote Interface MAC: 4c:71:0c:ac:0c:b3
----------------------------------------
Device ID:SW12-KORB1.korb1.intra.usn.hu
VTP Management Domain Name: KORB1

Interface address(es): 1
    IPv4 Address: 10.18.100.3
Platform: cisco WS-C2960G-24TC-L, Capabilities: Switch IGMP Filtering 
Interface: Ethernet1/5, Port ID (outgoing port): GigabitEthernet0/21
Holdtime: 164 sec

Version:
Cisco IOS Software, C2960 Software (C2960-LANBASE-M), Version 12.2(40)SE, RELEASE SOFTWARE (fc3)
Copyright (c) 1986-2007 by Cisco Systems, Inc.
Compiled Thu 23-Aug-07 20:45 by myl

Advertisement Version: 2

Native VLAN: 203
Duplex: full
Mgmt address(es):
    IPv4 Address: 10.18.100.3
Local Interface MAC: 68:87:c6:e4:cf:ac
Remote Interface MAC: 00:1b:54:39:56:95
----------------------------------------
Device ID:SWG-B52.sotnet
VTP Management Domain Name: sotnet

Interface address(es): 1
    IPv4 Address: 10.63.65.69
Platform: cisco WS-C2960X-48TD-L, Capabilities: Switch IGMP Filtering 
Interface: Ethernet1/7, Port ID (outgoing port): TenGigabitEthernet1/0/1
Holdtime: 164 sec

Version:
Cisco IOS Software, C2960X Software (C2960X-UNIVERSALK9-M), Version 15.2(7)E11, RELEASE SOFTWARE (fc3)
Technical Support: http://www.cisco.com/techsupport
Copyright (c) 1986-2024 by Cisco Systems, Inc.
Compiled Fri 23-Aug-24 13:25 by mcpre

Advertisement Version: 2

Native VLAN: 1
Duplex: full
Mgmt address(es):
    IPv4 Address: 10.63.65.69
Local Interface MAC: 68:87:c6:e4:cf:ae
Remote Interface MAC: 6c:71:0d:69:02:33
----------------------------------------
Device ID:SW11-ETK.sotnet
VTP Management Domain Name: sotnet

Interface address(es): 1
    IPv4 Address: 10.63.64.198
Platform: cisco C9300X-24Y, Capabilities: Switch IGMP Filtering 
Interface: Ethernet1/8, Port ID (outgoing port): TwentyFiveGigE1/0/13
Holdtime: 147 sec

Version:
Cisco IOS Software [Dublin], Catalyst L3 Switch Software (CAT9K_IOSXE), Version 17.11.1, RELEASE SOFTWARE (fc2)
Technical Support: http://www.cisco.com/techsupport
Copyright (c) 1986-2023 by Cisco Systems, Inc.
Compiled Fri 24-Mar-23 06:28 by mcpre

Advertisement Version: 2

Native VLAN: 69
Duplex: full
Mgmt address(es):
    IPv4 Address: 10.63.64.198
Local Interface MAC: 68:87:c6:e4:cf:af
Remote Interface MAC: f8:e9:4f:1b:73:8d
----------------------------------------
Device ID:wlc-prod1.semmelweis.hu

Interface address(es): 1
    IPv4 Address: 10.63.140.11
Platform: cisco C9800-40-K9, Capabilities: Router IGMP Filtering 
Interface: Ethernet1/31, Port ID (outgoing port): TenGigabitEthernet0/0/3
Holdtime: 172 sec

Version:
Cisco IOS Software [Dublin], C9800 Software (C9800_IOSXE-K9), Version 17.12.4, RELEASE SOFTWARE (fc3)
Technical Support: http://www.cisco.com/techsupport
Copyright (c) 1986-2024 by Cisco Systems, Inc.
Compiled Tue 23-Jul-24 09:45 by mcpre

Advertisement Version: 2
Mgmt address(es):
    IPv4 Address: 10.63.140.11
Local Interface MAC: 68:87:c6:e4:cf:c6
Remote Interface MAC: 00:00:00:00:00:00
----------------------------------------
Device ID:wlc-prod1.semmelweis.hu

Interface address(es): 1
    IPv4 Address: 10.63.140.11
Platform: cisco C9800-40-K9, Capabilities: Router IGMP Filtering 
Interface: Ethernet1/32, Port ID (outgoing port): TenGigabitEthernet0/0/0
Holdtime: 128 sec

Version:
Cisco IOS Software [Dublin], C9800 Software (C9800_IOSXE-K9), Version 17.12.4, RELEASE SOFTWARE (fc3)
Technical Support: http://www.cisco.com/techsupport
Copyright (c) 1986-2024 by Cisco Systems, Inc.
Compiled Tue 23-Jul-24 09:45 by mcpre

Advertisement Version: 2
Mgmt address(es):
    IPv4 Address: 10.63.140.11
Local Interface MAC: 68:87:c6:e4:cf:c7
Remote Interface MAC: 00:00:00:00:00:00
----------------------------------------
Device ID:BKT-Q1.sotnet(FDO2543257K)
System Name: BKT-Q1

Interface address(es): 1
    IPv4 Address: 172.27.4.73
Platform: N9K-C9332C, Capabilities: Router Switch Supports-STP-Dispute
Interface: Ethernet1/51, Port ID (outgoing port): Ethernet1/30
Holdtime: 160 sec

Version:
Cisco Nexus Operating System (NX-OS) Software, Version 9.3(10)

Advertisement Version: 2
Duplex: full

MTU: 9100
Mgmt address(es):
    IPv4 Address: 10.63.66.11
Local Interface MAC: 68:87:c6:e4:cf:e0
Remote Interface MAC: c4:4d:84:81:16:01
----------------------------------------
Device ID:BKT-Q2.sotnet(FDO2543257J)
System Name: BKT-Q2

Interface address(es): 1
    IPv4 Address: 172.27.4.62
Platform: N9K-C9332C, Capabilities: Router Switch IGMP Filtering Supports-STP-Dispute
Interface: Ethernet1/52, Port ID (outgoing port): Ethernet1/30
Holdtime: 174 sec

Version:
Cisco Nexus Operating System (NX-OS) Software, Version 9.3(10)

Advertisement Version: 2

Native VLAN: 1
Duplex: full

MTU: 1500
Mgmt address(es):
    IPv4 Address: 10.63.66.12
Local Interface MAC: 68:87:c6:e4:cf:e4
Remote Interface MAC: c4:4d:84:81:16:2f
----------------------------------------
Device ID:BKT-S1.sotnet(FDO25440DQH)
System Name: BKT-S1

Interface address(es): 1
    IPv4 Address: 172.27.4.53
Platform: N9K-C93180YC-FX, Capabilities: Router Switch IGMP Filtering Supports-STP-Dispute
Interface: Ethernet1/53, Port ID (outgoing port): Ethernet1/53
Holdtime: 174 sec

Version:
Cisco Nexus Operating System (NX-OS) Software, Version 9.3(10)

Advertisement Version: 2

Native VLAN: 1
Duplex: full

MTU: 1500
Mgmt address(es):
    IPv4 Address: 10.63.66.13
Local Interface MAC: 68:87:c6:e4:cf:e8
Remote Interface MAC: 38:fd:f8:1c:39:07
----------------------------------------
Device ID:BKT-S1.sotnet(FDO25440DQH)
System Name: BKT-S1

Interface address(es): 1
    IPv4 Address: 172.27.4.53
Platform: N9K-C93180YC-FX, Capabilities: Router Switch IGMP Filtering Supports-STP-Dispute
Interface: Ethernet1/54, Port ID (outgoing port): Ethernet1/54
Holdtime: 174 sec

Version:
Cisco Nexus Operating System (NX-OS) Software, Version 9.3(10)

Advertisement Version: 2

Native VLAN: 1
Duplex: full

MTU: 1500
Mgmt address(es):
    IPv4 Address: 10.63.66.13
Local Interface MAC: 68:87:c6:e4:cf:ec
Remote Interface MAC: 38:fd:f8:1c:39:07
BKT-S2#   sh ip route
IP Route Table for VRF "default"
'*' denotes best ucast next-hop
'**' denotes best mcast next-hop
'[x/y]' denotes [preference/metric]
'%<string>' in via output denotes VRF <string>

172.27.0.1/32, ubest/mbest: 1/0
    *via 172.27.4.73, Eth1/51, [110/221], 1y7w, ospf-2, intra
172.27.0.11/32, ubest/mbest: 1/0
    *via 172.27.4.73, Eth1/51, [110/111], 1y7w, ospf-2, intra
172.27.0.12/32, ubest/mbest: 2/0
    *via 172.27.4.53, Vlan9, [110/221], 4w5d, ospf-2, intra
    *via 172.27.4.73, Eth1/51, [110/221], 4w5d, ospf-2, intra
172.27.0.13/32, ubest/mbest: 1/0
    *via 172.27.4.53, Vlan9, [110/111], 1y7w, ospf-2, intra
172.27.0.14/32, ubest/mbest: 2/0, attached
    *via 172.27.0.14, Lo0, [0/0], 1y7w, local
    *via 172.27.0.14, Lo0, [0/0], 1y7w, direct
172.27.0.15/32, ubest/mbest: 1/0
    *via 172.27.4.73, Eth1/51, [110/221], 1y7w, ospf-2, intra
172.27.0.16/32, ubest/mbest: 1/0
    *via 172.27.4.73, Eth1/51, [110/221], 1y7w, ospf-2, intra
172.27.0.21/32, ubest/mbest: 1/0
    *via 172.27.4.73, Eth1/51, [110/221], 1y7w, ospf-2, intra
172.27.0.22/32, ubest/mbest: 1/0
    *via 172.27.4.73, Eth1/51, [110/331], 1y7w, ospf-2, intra
172.27.0.23/32, ubest/mbest: 1/0
    *via 172.27.4.73, Eth1/51, [110/321], 1y7w, ospf-2, intra
172.27.0.24/32, ubest/mbest: 1/0
    *via 172.27.4.73, Eth1/51, [110/321], 1y7w, ospf-2, intra
172.27.0.25/32, ubest/mbest: 1/0
    *via 172.27.4.73, Eth1/51, [110/321], 1y7w, ospf-2, intra
172.27.0.26/32, ubest/mbest: 1/0
    *via 172.27.4.73, Eth1/51, [110/321], 1y7w, ospf-2, intra
172.27.0.111/32, ubest/mbest: 1/0
    *via 172.27.4.73, Eth1/51, [110/111], 1y7w, ospf-2, intra
172.27.0.113/32, ubest/mbest: 2/0, attached
    *via 172.27.0.113, Lo0, [0/0], 1y7w, local
    *via 172.27.0.113, Lo0, [0/0], 1y7w, direct
172.27.0.115/32, ubest/mbest: 1/0
    *via 172.27.4.73, Eth1/51, [110/221], 1y7w, ospf-2, intra
172.27.0.121/32, ubest/mbest: 1/0
    *via 172.27.4.73, Eth1/51, [110/221], 1y7w, ospf-2, intra
172.27.0.123/32, ubest/mbest: 1/0
    *via 172.27.4.73, Eth1/51, [110/321], 1y7w, ospf-2, intra
172.27.0.125/32, ubest/mbest: 1/0
    *via 172.27.4.73, Eth1/51, [110/321], 1y7w, ospf-2, intra
172.27.4.0/30, ubest/mbest: 1/0
    *via 172.27.4.73, Eth1/51, [110/320], 1y7w, ospf-2, intra
172.27.4.4/30, ubest/mbest: 1/0
    *via 172.27.4.73, Eth1/51, [110/420], 1y7w, ospf-2, intra
172.27.4.8/30, ubest/mbest: 1/0
    *via 172.27.4.73, Eth1/51, [110/320], 1y7w, ospf-2, intra
172.27.4.12/30, ubest/mbest: 1/0
    *via 172.27.4.73, Eth1/51, [110/420], 1y7w, ospf-2, intra
172.27.4.16/30, ubest/mbest: 1/0
    *via 172.27.4.73, Eth1/51, [110/330], 1y7w, ospf-2, intra
172.27.4.20/30, ubest/mbest: 1/0
    *via 172.27.4.73, Eth1/51, [110/430], 1y7w, ospf-2, intra
172.27.4.24/30, ubest/mbest: 1/0
    *via 172.27.4.73, Eth1/51, [110/540], 1y7w, ospf-2, intra
172.27.4.28/30, ubest/mbest: 1/0
    *via 172.27.4.73, Eth1/51, [110/320], 1y7w, ospf-2, intra
172.27.4.32/30, ubest/mbest: 1/0
    *via 172.27.4.73, Eth1/51, [110/430], 1y7w, ospf-2, intra
172.27.4.36/30, ubest/mbest: 1/0
    *via 172.27.4.73, Eth1/51, [110/320], 1y7w, ospf-2, intra
172.27.4.40/30, ubest/mbest: 1/0
    *via 172.27.4.73, Eth1/51, [110/420], 1y7w, ospf-2, intra
172.27.4.52/30, ubest/mbest: 1/0, attached
    *via 172.27.4.54, Vlan9, [0/0], 1y7w, direct
172.27.4.54/32, ubest/mbest: 1/0, attached
    *via 172.27.4.54, Vlan9, [0/0], 1y7w, local
172.27.4.56/30, ubest/mbest: 1/0
    *via 172.27.4.53, Vlan9, [110/510], 1y7w, ospf-2, intra
172.27.4.60/30, ubest/mbest: 1/0
    *via 172.27.4.73, Eth1/51, [110/220], 1y7w, ospf-2, intra
172.27.4.68/30, ubest/mbest: 1/0
    *via 172.27.4.53, Vlan9, [110/220], 1y7w, ospf-2, intra
172.27.4.72/30, ubest/mbest: 1/0, attached
    *via 172.27.4.74, Eth1/51, [0/0], 1y7w, direct
172.27.4.74/32, ubest/mbest: 1/0, attached
    *via 172.27.4.74, Eth1/51, [0/0], 1y7w, local
172.27.4.80/30, ubest/mbest: 1/0
    *via 172.27.4.73, Eth1/51, [110/330], 1y7w, ospf-2, intra
172.27.4.84/30, ubest/mbest: 1/0
    *via 172.27.4.73, Eth1/51, [110/220], 1y7w, ospf-2, intra
172.27.4.88/30, ubest/mbest: 1/0
    *via 172.27.4.73, Eth1/51, [110/320], 4w5d, ospf-2, intra
172.27.4.92/30, ubest/mbest: 1/0
    *via 172.27.4.73, Eth1/51, [110/220], 1y7w, ospf-2, intra
172.27.4.96/30, ubest/mbest: 1/0
    *via 172.27.4.73, Eth1/51, [110/320], 4w5d, ospf-2, intra
172.27.4.104/30, ubest/mbest: 1/0
    *via 172.27.4.73, Eth1/51, [110/220], 1y7w, ospf-2, intra
172.27.5.0/30, ubest/mbest: 1/0
    *via 172.27.4.73, Eth1/51, [110/1320], 43w4d, ospf-2, intra

BKT-S2#    sh lldp nei
Capability codes:
  (R) Router, (B) Bridge, (T) Telephone, (C) DOCSIS Cable Device
  (W) WLAN Access Point, (P) Repeater, (S) Station, (O) Other
Device ID            Local Intf      Hold-time  Capability  Port ID  
ST04-CITY.sotnet     Eth1/4          120        B           Te3/0/1       
SW12-KORB1.korb1.intra.usn.hu
                     Eth1/5          120                    Gi0/21        
Broadcom 57414 10/25GbE SFP28 2-port OCP Ethernet Adapter fw_version:AFW_230.0.157.0
                     Eth1/11         120        S           d404.e659.355b
Broadcom 57414 10/25GbE SFP28 2-port OCP Ethernet Adapter fw_version:AFW_230.0.157.0
                     Eth1/12         120        S           d404.e659.287d
Broadcom 57414 10/25GbE SFP28 2-port OCP Ethernet Adapter fw_version:AFW_230.0.157.0
                     Eth1/13         120        S           d404.e659.2af3
10/25Gb 2-port SFP28 BCM57414 OCP3 Adapter fw_version:AFW_235.1.164.2
                     Eth1/20         120        S           8c84.747f.83ff
6805.cad1.5b4c       Eth1/21         121                    6805.cad1.5b4c
AF-253187-A          Eth1/33         120        S           58a2.e18f.27c0
AF-253187-B          Eth1/34         120        S           58a2.e18f.1ab4
30373637-3233-5A43-4A35-3330304C4D5A
                     Eth1/37         100                    ecb1.d77c.aff8
37383638-3330-5A43-3231-343830354C54
                     Eth1/45         121                    d4f5.ef47.f1f0
37383638-3330-5A43-3231-343830354C58
                     Eth1/46         121                    d4f5.ef47.f5a0
37383638-3330-5A43-3231-343830354C56
                     Eth1/47         121                    d4f5.ef47.ff50
37383638-3330-5A43-3231-343830354C57
                     Eth1/48         121                    d4f5.ef48.0610
BKT-S1.sotnet        Eth1/53         120        BR          Ethernet1/53  
BKT-S1.sotnet        Eth1/54         120        BR          Ethernet1/54  
Total entries displayed: 16
