BKT-Q2# sh cdp nei de
----------------------------------------
Device ID:SW2-MGMT.sotnet
VTP Management Domain Name: sotnet

Interface address(es): 1
    IPv4 Address: 10.63.64.167
Platform: cisco C9200L-48T-4G, Capabilities: Switch IGMP Filtering 
Interface: mgmt0, Port ID (outgoing port): GigabitEthernet1/0/4
Holdtime: 155 sec

Version:
Cisco IOS Software [Cupertino], Catalyst L3 Switch Software (CAT9K_LITE_IOSXE), Version 17.8.1, RELEASE SOFTWARE (fc2)
Technical Support: http://www.cisco.com/techsupport
Copyright (c) 1986-2022 by Cisco Systems, Inc.
Compiled Sat 09-Apr-22 00:34 by mcpre

Advertisement Version: 2

Native VLAN: 69
Duplex: full
Mgmt address(es):
    IPv4 Address: 10.63.64.167
Local Interface MAC: c4:4d:84:81:16:28
Remote Interface MAC: 6c:8b:d3:c8:6c:84
----------------------------------------
Device ID:ROKUS-Q2(FDO2543257G)
System Name: ROKUS-Q2

Interface address(es): 1
    IPv4 Address: 10.63.66.28
Platform: N9K-C9332C, Capabilities: Router Switch IGMP Filtering Supports-STP-Dispute
Interface: Ethernet1/25, Port ID (outgoing port): Ethernet1/1
Holdtime: 140 sec

Version:
Cisco Nexus Operating System (NX-OS) Software, Version 10.5(4)

Advertisement Version: 2

Native VLAN: 1
Duplex: full

MTU: 1500
Mgmt address(es):
    IPv4 Address: 10.63.66.28
Local Interface MAC: c4:4d:84:81:16:48
Remote Interface MAC: c4:4d:84:81:19:3e
----------------------------------------
Device ID:BKT-T1.sotnet(FDO25390M0D)
System Name: BKT-T1

Interface address(es): 1
    IPv4 Address: 172.27.4.90
Platform: N9K-C93108TC-FX, Capabilities: Router Switch Supports-STP-Dispute
Interface: Ethernet1/27, Port ID (outgoing port): Ethernet1/52
Holdtime: 159 sec

Version:
Cisco Nexus Operating System (NX-OS) Software, Version 9.3(10)

Advertisement Version: 2
Duplex: full

MTU: 9100
Mgmt address(es):
    IPv4 Address: 10.63.66.15
Local Interface MAC: c4:4d:84:81:16:4a
Remote Interface MAC: a4:78:06:fd:be:77
----------------------------------------
Device ID:BKT-T2.sotnet(FDO25390LU8)
System Name: BKT-T2

Interface address(es): 1
    IPv4 Address: 172.27.4.98
Platform: N9K-C93108TC-FX, Capabilities: Router Switch Supports-STP-Dispute
Interface: Ethernet1/28, Port ID (outgoing port): Ethernet1/52
Holdtime: 158 sec

Version:
Cisco Nexus Operating System (NX-OS) Software, Version 9.3(10)

Advertisement Version: 2
Duplex: full

MTU: 9100
Mgmt address(es):
    IPv4 Address: 10.63.66.16
Local Interface MAC: c4:4d:84:81:16:4b
Remote Interface MAC: a4:78:06:fd:e5:d7
----------------------------------------
Device ID:BKT-S1.sotnet(FDO25440DQH)
System Name: BKT-S1

Interface address(es): 1
    IPv4 Address: 172.27.4.70
Platform: N9K-C93180YC-FX, Capabilities: Router Switch Supports-STP-Dispute
Interface: Ethernet1/29, Port ID (outgoing port): Ethernet1/52
Holdtime: 158 sec

Version:
Cisco Nexus Operating System (NX-OS) Software, Version 9.3(10)

Advertisement Version: 2
Duplex: full

MTU: 9100
Mgmt address(es):
    IPv4 Address: 10.63.66.13
Local Interface MAC: c4:4d:84:81:16:4c
Remote Interface MAC: 38:fd:f8:1c:39:07
----------------------------------------
Device ID:BKT-S2.sotnet(FDO25432081)
System Name: BKT-S2

Interface address(es): 1
    IPv4 Address: 172.27.4.54
Platform: N9K-C93180YC-FX, Capabilities: Router Switch IGMP Filtering Supports-STP-Dispute
Interface: Ethernet1/30, Port ID (outgoing port): Ethernet1/52
Holdtime: 143 sec

Version:
Cisco Nexus Operating System (NX-OS) Software, Version 9.3(10)

Advertisement Version: 2

Native VLAN: 1
Duplex: full

MTU: 1500
Mgmt address(es):
    IPv4 Address: 10.63.66.14
Local Interface MAC: c4:4d:84:81:16:4d
Remote Interface MAC: 68:87:c6:e4:cf:a7
----------------------------------------
Device ID:BKT-Q1.sotnet(FDO2543257K)
System Name: BKT-Q1

Interface address(es): 1
    IPv4 Address: 172.27.4.61
Platform: N9K-C9332C, Capabilities: Router Switch IGMP Filtering Supports-STP-Dispute
Interface: Ethernet1/31, Port ID (outgoing port): Ethernet1/31
Holdtime: 144 sec

Version:
Cisco Nexus Operating System (NX-OS) Software, Version 9.3(10)

Advertisement Version: 2

Native VLAN: 1
Duplex: full

MTU: 1500
Mgmt address(es):
    IPv4 Address: 10.63.66.11
Local Interface MAC: c4:4d:84:81:16:4e
Remote Interface MAC: c4:4d:84:81:16:01
----------------------------------------
Device ID:BKT-Q1.sotnet(FDO2543257K)
System Name: BKT-Q1

Interface address(es): 1
    IPv4 Address: 172.27.4.61
Platform: N9K-C9332C, Capabilities: Router Switch IGMP Filtering Supports-STP-Dispute
Interface: Ethernet1/32, Port ID (outgoing port): Ethernet1/32
Holdtime: 144 sec

Version:
Cisco Nexus Operating System (NX-OS) Software, Version 9.3(10)

Advertisement Version: 2

Native VLAN: 1
Duplex: full

MTU: 1500
Mgmt address(es):
    IPv4 Address: 10.63.66.11
Local Interface MAC: c4:4d:84:81:16:4f
Remote Interface MAC: c4:4d:84:81:16:01
