KKT-S1# sh run

!Command: show running-config
!No configuration change since last restart
!Time: Sun Mar  8 21:37:55 2026

version 9.3(10) Bios:version 05.45 
switchname KKT-S1
vdc KKT-S1 id 1
  limit-resource vlan minimum 16 maximum 4094
  limit-resource vrf minimum 2 maximum 4096
  limit-resource port-channel minimum 0 maximum 511
  limit-resource u4route-mem minimum 248 maximum 248
  limit-resource u6route-mem minimum 96 maximum 96
  limit-resource m4route-mem minimum 58 maximum 58
  limit-resource m6route-mem minimum 8 maximum 8

feature telnet
cfs eth distribute
feature ospf
feature pim
feature interface-vlan
feature vn-segment-vlan-based
feature hsrp
feature lacp
feature vpc
clock timezone MET 1 0
clock summer-time MEST 5 Sun Mar 3:00 5 Sun Oct 2:00 60
feature nv overlay

logging level l2fm 5
mac address-table aging-time 3600

role name readonly
  rule 2 deny command configure terminal
  rule 1 permit read  
no password strength-check
username admin password 5 $5$GKNCDE$zP4PkLcME6dTHPOp4nRZL02jt.js9zP4BW4e..hx0e4  role network-admin
username usn password 5 $5$DHICCD$jSXiW4/gzPw9zGdJ5qNIAmxE5Myr7./kA4WFFBRmat0  role network-operator
username usn passphrase  lifetime 99999 warntime 14 gracetime 3
username mark password 5 $5$IAHGEE$A7EzQNF8XKhTAzNQQepFA94kObkfglX6SR/hZtoIKw7  role readonly
username mark passphrase  lifetime 99999 warntime 14 gracetime 3
ip domain-lookup
logging message interface type ethernet description
errdisable recovery interval 120
no errdisable detect cause link-flap
no errdisable detect cause loopback
copp profile strict
snmp-server user usn network-operator auth md5 482ED174881E4268F46453EC28097039A273 priv 056B166C1ED3042E0E70F60D6E6F6FC98927 localizedV2key
snmp-server user mark readonly auth md5 205A95862C4228A49CED90A5F6782F58BA37 priv 042BBDA03E5749F589E48182A63B6E0D931D localizedV2key
snmp-server user admin network-admin auth md5 0x379e150a0da76244e34d9dbbec1626d0 priv 0x379e150a0da76244e34d9dbbec1626d0 localizedkey
rmon event 1 log trap public description FATAL(1) owner PMON@FATAL
rmon event 2 log trap public description CRITICAL(2) owner PMON@CRITICAL
rmon event 3 log trap public description ERROR(3) owner PMON@ERROR
rmon event 4 log trap public description WARNING(4) owner PMON@WARNING
rmon event 5 log trap public description INFORMATION(5) owner PMON@INFO
snmp-server community usn group network-operator
ntp server ntp.sotnet use-vrf management
ntp source-interface mgmt0
ntp logging

ip pim rp-address 172.27.0.1 group-list 239.27.0.0/16
ip pim ssm range 232.0.0.0/8
ip igmp ssm-translate 239.27.0.0/16 172.27.0.1
vlan 1,8-14,20-23,61-66,69-71,90,96-114,117-119,121-122,125,127,141-144,146-149,151,160-161,170,180,191,201-203,205,207-212,214-220,223-226,228,230-233,245,281,294-298,302-305,310-312,333,351-352,361-362,373,383,390,400-4
01,403-414,418,420-423,430-433,440-442,450,452,460,470-474,481-485,500-504,507-511,513-517,521-523,550-554,556-557,560-571,600,603,651,655,660-661,666,670,684-685,687,695
vlan 750-754,756,760-765,770-774,777,781-784,798,801-804,810-812,814,817-823,825,848-856,858-861,870,880-886,888,890-896,901,911-913,950,982,994-997,999,1111,2000-2011,2026,2222
vlan 8
  name VXLAN-TEMP
vlan 9
  name VPC-LOCAL
vlan 10
  name BKT-KKT
vlan 11
  name EOK-BKT
vlan 12
  name KKT-NET
vlan 13
  name OSPF-GERINC
vlan 14
  name SRTG
vlan 20
  name BKT-NET
vlan 21
  name EOK-KKT
vlan 22
  name KBE-KKT
vlan 23
  name KBE-BKT
vlan 61
  name MGMT-B
vlan 62
  name MGMT-K
vlan 63
  name MGMT-N
vlan 64
  name MGMT-ALETRA
vlan 65
  name MGMT-VMVARE1
vlan 66
  name MGMT-VMVARE2
vlan 69
  name MGMT-SE
vlan 70
  name FORTI-HA
vlan 71
  name WLC-HA
vlan 90
  name FIREWALL
vlan 96
  name EUREST-BELSO
vlan 97
  name EUREST
vlan 98
  name SE-KIADO
vlan 99
  name SE-KFT
vlan 100
  name BKT-gerinc
vlan 101
  name BEHIVO
vlan 102
  name NEPTUN
vlan 103
  name IKGR
vlan 104
  name DMZ1
vlan 105
  name DMZ2
vlan 106
  name BKTSERVERS
vlan 107
  name HMC1
vlan 108
  name IKGR2
vlan 109
  name LIB_BELSO
vlan 110
  name BKT-GUEST
vlan 111
  name SE-WIFI
vlan 112
  name SE-WIFI-2
vlan 113
  name PACS
vlan 114
  name PACS_CLI
vlan 117
  name HMC2
vlan 118
  name KONF3
vlan 119
  name LIB_TEL
vlan 121
  name DROG
vlan 122
  name GFI
vlan 125
  name OKTAT
vlan 127
  name GPFS-L2
vlan 141
  name HIS
vlan 142
  name SAP
vlan 143
  name ANDROMEDA
vlan 144
  name HIS_TESZT
vlan 146
  name ERAD
vlan 147
  name ERAD-INTERNAL
vlan 148
  name PACS_GE_MGMT
vlan 149
  name GE_PACS_AWS
vlan 151
  name PIC_NOI1_MON
vlan 160
  name IPTEL-BKT
vlan 161
  name PIC_NOI1_INT
vlan 170
  name EOK-DMZ1
vlan 180
  name TTI
vlan 191
  name EDUGUEST
vlan 201
  name BEL2
vlan 202
  name NOI1
vlan 203
  name KORB1
vlan 205
  name SZEM2
vlan 207
  name GYER2
vlan 208
  name HOGYES
vlan 209
  name LIB
vlan 210
  name BOR
vlan 211
  name ROCHE
vlan 212
  name TRANS
vlan 214
  name PUSKIN
vlan 215
  name FOK
vlan 216
  name SELYE
vlan 217
  name ROKK
vlan 218
  name GYER2_MON
vlan 219
  name RADIOMETER
vlan 220
  name MEDMOB
vlan 223
  name SEFA
vlan 224
  name ROCHE-BELSO
vlan 225
  name ANAMED-MON
vlan 226
  name BEN-PAT
vlan 228
  name MULTIMEX
vlan 230
  name EFK
vlan 231
  name ETK-OKTAT
vlan 232
  name ETK-FELUGY
vlan 245
  name MEDBAKTER
vlan 281
  name SZERVES
vlan 294
  name JIR-GYULAI
vlan 295
  name JIR-BAROS
vlan 296
  name JIR-KORANYI
vlan 297
  name JIR-XXX
vlan 298
  name JIR-ULLOI
vlan 302
  name TELKONT
vlan 303
  name TELKP
vlan 304
  name KKTSERVERS
vlan 305
  name BTIG_TEL
vlan 310
  name SZAKKEP
vlan 311
  name KKTSRV2
vlan 312
  name PIC
vlan 333
  name PROBA
vlan 351
  name PIC_GYER1_MON
vlan 352
  name PIC_NOI2_MON
vlan 361
  name PIC_GYER1_INT
vlan 362
  name PIC_NOI2_INT
  vn-segment 362
vlan 373
  name GYER1-VIDEO
  vn-segment 373
vlan 383
  name KORB2-OKT
  vn-segment 383
vlan 390
  name CISCO_CAP
vlan 400
  name KKTGERINC
vlan 401
  name INF
  vn-segment 401
vlan 403
  name GYER1
  vn-segment 403
vlan 404
  name BEL1
  vn-segment 404
vlan 405
  name UROL
  vn-segment 405
vlan 406
  name NEUR
  vn-segment 406
vlan 407
  name TOMO
  vn-segment 407
vlan 408
  name PANCREAS
vlan 409
  name NOI2
  vn-segment 409
vlan 410
  name FULO
  vn-segment 410
vlan 411
  name PSYCH
  vn-segment 411
vlan 412
  name KORANYI-PROJEKT
  vn-segment 412
vlan 413
  name SEB1
  vn-segment 413
vlan 414
  name PULMO
  vn-segment 414
vlan 418
  name RADI
  vn-segment 418
vlan 420
  name LABMED
  vn-segment 420
vlan 421
  name INF2
  vn-segment 421
vlan 422
  name INFADMIN
vlan 423
  name IPTEL-ROGZ
  vn-segment 423
vlan 430
  name BTIG
  vn-segment 430
vlan 431
  name BIZTTECH
  vn-segment 431
vlan 432
  name KALVARIA
  vn-segment 432
vlan 433
  name FIZETO
  vn-segment 433
vlan 440
  name GMF-KKT
vlan 441
  name BALASSA-KOLL
  vn-segment 441
vlan 442
  name BALASSA
  vn-segment 442
vlan 450
  name KOKI
vlan 452
  name BARCZI
  vn-segment 452
vlan 460
  name NEUR-MR
  vn-segment 460
vlan 470
  name VPN-DOLG
  vn-segment 470
vlan 471
  name WIFI-DOLG
  vn-segment 471
vlan 472
  name EDU-DOLG
  vn-segment 472
vlan 473
  name EDU-STUD
  vn-segment 473
vlan 474
  name DOLG-VPN2
  vn-segment 474
vlan 481
  name ANA1
  vn-segment 481
vlan 482
  name ANA2
  vn-segment 482
vlan 483
  name KORB2-IGAZ
  vn-segment 483
vlan 484
  name SZOVETTAN
  vn-segment 484
vlan 485
  name MANTA
  vn-segment 485
vlan 500
  name NET-GERINC
  vn-segment 500
vlan 501
  name SZOL1
  vn-segment 501
vlan 502
  name ORAL
  vn-segment 502
vlan 503
  name PHARMA
  vn-segment 503
vlan 504
  name MIKRO
  vn-segment 504
vlan 507
  name BIOL
  vn-segment 507
vlan 508
  name GYHAT
  vn-segment 508
vlan 509
  name KOZEG
  vn-segment 509
vlan 510
  name KORTAN
  vn-segment 510
vlan 511
  name MAGTUD
  vn-segment 511
vlan 513
  name NETGH
  vn-segment 513
vlan 514
  name KISSEB
  vn-segment 514
vlan 515
  name KARDIO
  vn-segment 515
vlan 516
  name LEPENY
  vn-segment 516
vlan 517
  name IMMUNLAB
  vn-segment 517
vlan 521
  name REZSO-KOLL
  vn-segment 521
vlan 522
  name REZSO
  vn-segment 522
vlan 523
  name MENTAL
  vn-segment 523
vlan 550
  name EDUROAM
  vn-segment 550
vlan 551
  name KOLESZ
  vn-segment 551
vlan 552
  name KONFERENCIA
  vn-segment 552
vlan 553
  name RESTRICTED
  vn-segment 553
vlan 554
  name UNIFM
  vn-segment 554
vlan 556
  name STUDVPN
  vn-segment 556
vlan 557
  name VIZSGA
vlan 560
  name AP-BKT1
  vn-segment 560
vlan 561
  name AP-BKT2
  vn-segment 561
vlan 562
  name AP-BKT3
  vn-segment 562
vlan 563
  name AP-KKT1
  vn-segment 563
vlan 564
  name AP-KKT2
  vn-segment 564
vlan 565
  name AP-KKT3
  vn-segment 565
vlan 566
  name AP-NET1
  vn-segment 566
vlan 567
  name AP-NET2
  vn-segment 567
vlan 568
  name AP-RKT
  vn-segment 568
vlan 569
  name AP-ETK
  vn-segment 569
vlan 570
  name AP-KOL1
  vn-segment 570
vlan 571
  name AP-KOL2
  vn-segment 571
vlan 600
  name NETLAN
  vn-segment 600
vlan 603
  name IPTEL-NET
  vn-segment 603
vlan 651
  name DIOSZEGI
vlan 655
  name OVODA
  vn-segment 655
vlan 660
  name ERNO
  vn-segment 660
vlan 661
  name BESZIG
  vn-segment 661
vlan 666
  name FEJLESZT
  vn-segment 666
vlan 670
  name ISTVANKH
  vn-segment 670
vlan 684
  name FERENC
  vn-segment 684
vlan 685
  name HARSFA
  vn-segment 685
vlan 687
  name SPORTTELEP
  vn-segment 687
vlan 695
  name HARSFA-KOLL
  vn-segment 695
vlan 750
  name EOK-MGMT
  vn-segment 750
vlan 751
  name EOK-GUEST
  vn-segment 751
vlan 752
  name EOK-WIFI-SERVICE
  vn-segment 752
vlan 753
  name EOK-WIFI-AP
  vn-segment 753
vlan 754
  name EOK-WIFI-PUBLIC
  vn-segment 754
vlan 756
  name BIOFIZ-MERES
  vn-segment 756
vlan 760
  name EOK-TEL
vlan 761
  name BIFI
vlan 762
  name OVI
vlan 763
  name OBI
vlan 764
  name ELET
vlan 765
  name ELET2
vlan 770
  name EOK-OKT
vlan 771
  name BIOF-OKT
vlan 772
  name OVI-OKT
vlan 773
  name OBI-OKT
vlan 774
  name ELET-OKT
vlan 777
  name BIFI-BELSO
vlan 781
  name EOK-KP
vlan 782
  name EOK-HWMGMT
  vn-segment 782
vlan 783
  name EOK-VMOTION
  vn-segment 783
vlan 784
  name EOK-KHT
  vn-segment 784
vlan 798
  name EOK-BUFE
  vn-segment 798
vlan 801
  name ELLEN
  vn-segment 801
vlan 802
  name SZTOK
vlan 803
  name KPT
  vn-segment 803
vlan 804
  name BMS
vlan 810
  name GAZDFIG
  vn-segment 810
vlan 811
  name AITK
  vn-segment 811
vlan 812
  name ROKUS-MED
  vn-segment 812
vlan 814
  name ROKUS-GUEST
  vn-segment 814
vlan 817
  name BIOINF
  vn-segment 817
vlan 818
  name CLOTPRO
  vn-segment 818
vlan 819
  name BC22MGMT
  vn-segment 819
vlan 820
  name ILLES26
  vn-segment 820
vlan 821
  name LFUI
vlan 822
  name MERENYI
vlan 823
  name BC22
vlan 825
  name E-INK-MER
vlan 848
  name GM
vlan 849
  name LEGKEZELO
vlan 850
  name MGMT-KB
  vn-segment 850
vlan 851
  name IPTEL-KB
  vn-segment 851
vlan 852
  name ORTOPEDIA
  vn-segment 852
vlan 853
  name LABOR
  vn-segment 853
vlan 854
  name KBE-MED
  vn-segment 854
vlan 855
  name KBE-INTRA
  vn-segment 855
vlan 856
  name HDMEDI
  vn-segment 856
vlan 858
  name ARO
  vn-segment 858
vlan 859
  name SBO-MONITOR
  vn-segment 859
vlan 860
  name AITK-MONITOR
  vn-segment 860
vlan 861
  name TRAUMA
vlan 870
  name IDEG-G
vlan 880
  name REHAB-G
vlan 881
  name REHAB
vlan 882
  name REHAB-TEL
vlan 883
  name REHAB-BTI
vlan 884
  name REHAB-DMZ
vlan 885
  name REHAB-GUEST
vlan 886
  name REHAB-AP
vlan 888
  name REHAB-MGMT
vlan 890
  name ORFI-MGMT
vlan 891
  name ORFI-AP
vlan 892
  name ORFI-DOLG
vlan 893
  name ORFI-BIZT
vlan 894
  name ORFI-DIAG
vlan 895
  name ORFI-TEL
vlan 896
  name ORFI-SERV
vlan 901
  name KUT-BKT
vlan 911
  name HOSTSERVER
vlan 912
  name INFSERV
vlan 913
  name MEDSERV
vlan 950
  name ROKUS_950
vlan 982
  name NIIF-INTERNET
vlan 994
  name VILL-DOLG
  vn-segment 994
vlan 995
  name VILL-MGMT
  vn-segment 995
vlan 996
  name VILL-VENDEG
vlan 997
  name VILL-BTI
vlan 999
  name CDP
vlan 1111
  name Flowmon
vlan 2000
  name DOLG
vlan 2001
  name MEDI
vlan 2002
  name TANU
vlan 2003
  name GAZD
vlan 2004
  name MEDI_TANU
vlan 2005
  name MEDI_GAZD
vlan 2006
  name MEDI_GAZD_TANU
vlan 2007
  name GAZD_TANU
vlan 2008
  name INFO
vlan 2009
  name BIZT
vlan 2010
  name VEND
vlan 2011
  name IOT
vlan 2026
  name SI-Demo
vlan 2222
  name SQLCLUSTER

spanning-tree vlan 294-298,390,861 priority 4096
spanning-tree vlan 822 priority 8192
ip prefix-list loopback-core seq 10 permit 172.27.0.0/24 eq 32 
ip prefix-list loopback-core seq 20 permit 172.27.4.0/23 eq 30 
route-map loopback-map permit 10
  match ip address prefix-list loopback-core 
vrf context management
  ip domain-name sotnet
  ip name-server 10.63.64.2
  ip route 0.0.0.0/0 10.63.64.1
vpc domain 23
  peer-switch
  role priority 1
  peer-keepalive destination 10.63.66.24 source 10.63.66.23
  peer-gateway
  auto-recovery
  ip arp synchronize


interface Vlan1
  no ip redirects
  no ipv6 redirects

interface Vlan8
  description VXLAN-TEMP
  no shutdown
  no ip redirects
  ip address 172.27.5.1/30
  no ipv6 redirects
  ip ospf cost 1000
  ip ospf network point-to-point
  no ip ospf passive-interface
  ip router ospf 2 area 172.27.0.0
  ip pim sparse-mode

interface Vlan9
  description VXLAN-CORE
  no shutdown
  mtu 9100
  no ip redirects
  ip address 172.27.4.21/30
  no ipv6 redirects
  ip ospf cost 110
  ip ospf network point-to-point
  no ip ospf passive-interface
  ip router ospf 2 area 172.27.0.0
  ip pim sparse-mode

interface port-channel1
  description PEER-LINK
  switchport
  switchport mode trunk
  spanning-tree port type network
  vpc peer-link

interface port-channel10
  description WLC5520
  switchport
  switchport mode trunk
  switchport trunk allowed vlan 100-1000

interface port-channel11
  switchport
  switchport mode trunk
  switchport trunk allowed vlan 10-1000
  vpc 11

interface port-channel12
  switchport
  switchport mode trunk
  switchport trunk allowed vlan 10-1000
  vpc 12

interface port-channel13
  switchport
  switchport mode trunk
  switchport trunk allowed vlan 10-1000
  vpc 13

interface port-channel14
  switchport
  switchport mode trunk
  switchport trunk allowed vlan 10-1000
  vpc 14

interface port-channel15
  switchport
  switchport mode trunk
  switchport trunk allowed vlan 10-1000
  vpc 15

interface port-channel16
  switchport
  switchport mode trunk
  switchport trunk allowed vlan 10-1000
  vpc 16

interface port-channel17
  description TAPPANCS-TRUNK
  switchport
  switchport mode trunk
  switchport trunk allowed vlan 10-1000
  vpc 17

interface port-channel18
  description TAPPANCS-SRTG
  switchport
  switchport access vlan 14
  vpc 18

interface port-channel19
  description WLC-PROD2
  switchport
  switchport mode trunk
  switchport trunk native vlan 999
  switchport trunk allowed vlan 110,220,422,552,568,999,2000-2020
  vpc 19

interface port-channel20
  description ERAD
  switchport
  switchport mode trunk
  switchport trunk allowed vlan 10-1000
  vpc 20

interface port-channel21
  description TSM-MENTOSRVR
  switchport
  switchport mode trunk
  switchport trunk allowed vlan 61,113
  vpc 21

interface port-channel100
  switchport
  switchport mode trunk
  switchport trunk native vlan 999
  switchport trunk allowed vlan 110,333,421-422,568

interface port-channel101
  switchport
  switchport mode trunk
  switchport trunk native vlan 999
  switchport trunk allowed vlan 333,421,568

interface nve1
  no shutdown
  source-interface loopback0
  member vni 10 mcast-group 239.27.100.9
  member vni 11 mcast-group 239.27.100.1
  member vni 12 mcast-group 239.27.100.1
  member vni 13 mcast-group 239.27.100.1
  member vni 21 mcast-group 239.27.100.1
  member vni 22 mcast-group 239.27.100.1
  member vni 23 mcast-group 239.27.100.1
  member vni 61 mcast-group 239.27.100.1
  member vni 62 mcast-group 239.27.100.1
  member vni 63 mcast-group 239.27.100.1
  member vni 66 mcast-group 239.27.100.1
  member vni 69 mcast-group 239.27.100.2
  member vni 70 mcast-group 239.27.100.1
  member vni 71 mcast-group 239.27.100.1
  member vni 90 mcast-group 239.27.100.1
  member vni 96 mcast-group 239.27.100.2
  member vni 97 mcast-group 239.27.100.2
  member vni 98 mcast-group 239.27.100.2
  member vni 99 mcast-group 239.27.100.2
  member vni 100 mcast-group 239.27.100.2
  member vni 101 mcast-group 239.27.100.1
  member vni 102 mcast-group 239.27.100.1
  member vni 103 mcast-group 239.27.100.1
  member vni 104 mcast-group 239.27.100.1
  member vni 105 mcast-group 239.27.100.1
  member vni 106 mcast-group 239.27.100.1
  member vni 107 mcast-group 239.27.100.1
  member vni 108 mcast-group 239.27.100.2
  member vni 109 mcast-group 239.27.100.3
  member vni 110 mcast-group 239.27.100.2
  member vni 111 mcast-group 239.27.100.2
  member vni 112 mcast-group 239.27.100.2
  member vni 113 mcast-group 239.27.100.3
  member vni 114 mcast-group 239.27.100.3
  member vni 117 mcast-group 239.27.100.1
  member vni 118 mcast-group 239.27.100.2
  member vni 119 mcast-group 239.27.100.1
  member vni 121 mcast-group 239.27.100.3
  member vni 122 mcast-group 239.27.100.2
  member vni 125 mcast-group 239.27.100.2
  member vni 127 mcast-group 239.27.100.1
  member vni 141 mcast-group 239.27.100.1
  member vni 142 mcast-group 239.27.100.1
  member vni 143 mcast-group 239.27.100.3
  member vni 144 mcast-group 239.27.100.3
  member vni 145 mcast-group 239.27.100.3
  member vni 146 mcast-group 239.27.100.6
  member vni 147 mcast-group 239.27.100.6
  member vni 148 mcast-group 239.27.100.6
  member vni 149 mcast-group 239.27.100.3
  member vni 151 mcast-group 239.27.100.3
  member vni 160 mcast-group 239.27.100.1
  member vni 161 mcast-group 239.27.100.3
  member vni 170 mcast-group 239.27.100.4
  member vni 180 mcast-group 239.27.100.2
  member vni 191 mcast-group 239.27.100.2
  member vni 201 mcast-group 239.27.100.3
  member vni 202 mcast-group 239.27.100.3
  member vni 203 mcast-group 239.27.100.3
  member vni 205 mcast-group 239.27.100.3
  member vni 207 mcast-group 239.27.100.3
  member vni 208 mcast-group 239.27.100.3
  member vni 209 mcast-group 239.27.100.3
  member vni 210 mcast-group 239.27.100.3
  member vni 211 mcast-group 239.27.100.3
  member vni 212 mcast-group 239.27.100.3
  member vni 214 mcast-group 239.27.100.4
  member vni 215 mcast-group 239.27.100.3
  member vni 216 mcast-group 239.27.100.1
  member vni 217 mcast-group 239.27.100.1
  member vni 218 mcast-group 239.27.100.3
  member vni 219 mcast-group 239.27.100.3
  member vni 220 mcast-group 239.27.100.3
  member vni 230 mcast-group 239.27.100.2
  member vni 281 mcast-group 239.27.100.3
  member vni 302 mcast-group 239.27.100.1
  member vni 303 mcast-group 239.27.100.1
  member vni 304 mcast-group 239.27.100.1
  member vni 305 mcast-group 239.27.100.1
  member vni 310 mcast-group 239.27.100.2
  member vni 311 mcast-group 239.27.100.1
  member vni 312 mcast-group 239.27.100.3
  member vni 351 mcast-group 239.27.100.3
  member vni 352 mcast-group 239.27.100.3
  member vni 361 mcast-group 239.27.100.3
  member vni 362 mcast-group 239.27.100.3
  member vni 373 mcast-group 239.27.100.3
  member vni 383 mcast-group 239.27.100.4
  member vni 390 mcast-group 239.27.100.2
  member vni 400 mcast-group 239.27.100.1
  member vni 401 mcast-group 239.27.100.2
  member vni 403 mcast-group 239.27.100.3
  member vni 404 mcast-group 239.27.100.3
  member vni 405 mcast-group 239.27.100.3
  member vni 406 mcast-group 239.27.100.3
  member vni 407 mcast-group 239.27.100.3
  member vni 409 mcast-group 239.27.100.3
  member vni 410 mcast-group 239.27.100.3
  member vni 411 mcast-group 239.27.100.3
  member vni 412 mcast-group 239.27.100.2
  member vni 413 mcast-group 239.27.100.3
  member vni 414 mcast-group 239.27.100.3
  member vni 418 mcast-group 239.27.100.3
  member vni 420 mcast-group 239.27.100.3
  member vni 421 mcast-group 239.27.100.1
  member vni 422 mcast-group 239.27.4.22
  member vni 423 mcast-group 239.27.100.2
  member vni 430 mcast-group 239.27.4.30
  member vni 431 mcast-group 239.27.100.2
  member vni 432 mcast-group 239.27.100.3
  member vni 433 mcast-group 239.27.4.33
  member vni 440 mcast-group 239.27.100.2
  member vni 441 mcast-group 239.27.100.2
  member vni 442 mcast-group 239.27.100.2
  member vni 450 mcast-group 239.27.100.5
  member vni 452 mcast-group 239.27.100.5
  member vni 460 mcast-group 239.27.100.3
  member vni 470 mcast-group 239.27.100.1
  member vni 471 mcast-group 239.27.100.1
  member vni 472 mcast-group 239.27.100.1
  member vni 473 mcast-group 239.27.100.2
  member vni 474 mcast-group 239.27.100.1
  member vni 481 mcast-group 239.27.100.4
  member vni 482 mcast-group 239.27.100.4
  member vni 483 mcast-group 239.27.100.3
  member vni 484 mcast-group 239.27.100.4
  member vni 485 mcast-group 239.27.100.1
  member vni 500 mcast-group 239.27.100.4
  member vni 501 mcast-group 239.27.100.4
  member vni 502 mcast-group 239.27.100.4
  member vni 503 mcast-group 239.27.100.4
  member vni 504 mcast-group 239.27.100.4
  member vni 507 mcast-group 239.27.100.4
  member vni 508 mcast-group 239.27.100.4
  member vni 509 mcast-group 239.27.100.4
  member vni 510 mcast-group 239.27.100.4
  member vni 511 mcast-group 239.27.100.4
  member vni 513 mcast-group 239.27.100.2
  member vni 514 mcast-group 239.27.100.4
  member vni 515 mcast-group 239.27.100.5
  member vni 516 mcast-group 239.27.100.4
  member vni 517 mcast-group 239.27.100.4
  member vni 521 mcast-group 239.27.100.4
  member vni 522 mcast-group 239.27.100.2
  member vni 523 mcast-group 239.27.100.4
  member vni 550 mcast-group 239.27.100.2
  member vni 551 mcast-group 239.27.100.2
  member vni 552 mcast-group 239.27.100.2
  member vni 553 mcast-group 239.27.100.2
  member vni 554 mcast-group 239.27.100.2
  member vni 556 mcast-group 239.27.100.1
  member vni 560 mcast-group 239.27.100.2
  member vni 561 mcast-group 239.27.100.2
  member vni 562 mcast-group 239.27.100.2
  member vni 563 mcast-group 239.27.100.2
  member vni 564 mcast-group 239.27.100.2
  member vni 565 mcast-group 239.27.100.2
  member vni 566 mcast-group 239.27.100.2
  member vni 567 mcast-group 239.27.100.2
  member vni 568 mcast-group 239.27.100.2
  member vni 569 mcast-group 239.27.100.2
  member vni 570 mcast-group 239.27.100.2
  member vni 571 mcast-group 239.27.100.2
  member vni 600 mcast-group 239.27.100.4
  member vni 603 mcast-group 239.27.100.2
  member vni 655 mcast-group 239.27.100.5
  member vni 660 mcast-group 239.27.100.4
  member vni 661 mcast-group 239.27.100.5
  member vni 666 mcast-group 239.27.100.1
  member vni 670 mcast-group 239.27.100.5
  member vni 684 mcast-group 239.27.100.4
  member vni 685 mcast-group 239.27.100.2
  member vni 687 mcast-group 239.27.100.5
  member vni 695 mcast-group 239.27.100.5
  member vni 750 mcast-group 239.27.100.4
  member vni 751 mcast-group 239.27.100.2
  member vni 752 mcast-group 239.27.100.2
  member vni 753 mcast-group 239.27.100.2
  member vni 754 mcast-group 239.27.100.2
  member vni 756 mcast-group 239.27.100.4
  member vni 760 mcast-group 239.27.100.5
  member vni 761 mcast-group 239.27.100.4
  member vni 762 mcast-group 239.27.100.4
  member vni 763 mcast-group 239.27.100.4
  member vni 764 mcast-group 239.27.100.4
  member vni 765 mcast-group 239.27.100.4
  member vni 770 mcast-group 239.27.100.4
  member vni 771 mcast-group 239.27.100.4
  member vni 772 mcast-group 239.27.100.4
  member vni 773 mcast-group 239.27.100.4
  member vni 774 mcast-group 239.27.100.4
  member vni 777 mcast-group 239.27.100.4
  member vni 781 mcast-group 239.27.100.4
  member vni 782 mcast-group 239.27.100.4
  member vni 783 mcast-group 239.27.100.4
  member vni 784 mcast-group 239.27.100.4
  member vni 798 mcast-group 239.27.100.5
  member vni 801 mcast-group 239.27.100.2
  member vni 802 mcast-group 239.27.100.2
  member vni 803 mcast-group 239.27.100.2
  member vni 810 mcast-group 239.27.100.2
  member vni 811 mcast-group 239.27.100.3
  member vni 812 mcast-group 239.27.100.5
  member vni 814 mcast-group 239.27.100.5
  member vni 817 mcast-group 239.27.100.4
  member vni 818 mcast-group 239.27.100.9
  member vni 819 mcast-group 239.27.100.6
  member vni 820 mcast-group 239.27.100.6
  member vni 850 mcast-group 239.27.100.1
  member vni 851 mcast-group 239.27.100.1
  member vni 852 mcast-group 239.27.100.3
  member vni 853 mcast-group 239.27.100.3
  member vni 854 mcast-group 239.27.100.3
  member vni 855 mcast-group 239.27.100.3
  member vni 856 mcast-group 239.27.100.3
  member vni 858 mcast-group 239.27.100.3
  member vni 859 mcast-group 239.27.100.3
  member vni 860 mcast-group 239.27.100.3
  member vni 901 mcast-group 239.27.100.1
  member vni 911 mcast-group 239.27.100.1
  member vni 912 mcast-group 239.27.100.1
  member vni 950 mcast-group 239.27.100.1
  member vni 982 mcast-group 239.27.100.1
  member vni 994 mcast-group 239.27.100.1
  member vni 995 mcast-group 239.27.100.1
  member vni 996 mcast-group 239.27.100.1
  member vni 997 mcast-group 239.27.100.1

interface Ethernet1/1
  description Forti Internet
  switchport
  switchport access vlan 982

interface Ethernet1/2
  description EOIP Belso
  switchport
  switchport access vlan 69

interface Ethernet1/3
  description EOIP Tunnel Trunk
  switchport
  switchport mode trunk
  switchport trunk allowed vlan 100,110,122,125,160,191,217,219-220,224,401,403,423,430-431,471-473,552,566,603,661,687,695,760,849,853

interface Ethernet1/4
  description EOIP Kulso
  switchport
  switchport access vlan 401

interface Ethernet1/5
  description Forti Internet
  switchport
  switchport access vlan 982

interface Ethernet1/6
  description NKATA
  switchport
  switchport mode trunk
  switchport trunk native vlan 12
  switchport trunk allowed vlan 10-1000
  spanning-tree cost 10000

interface Ethernet1/7
  description Kulsosok Mikrotik
  switchport
  switchport mode trunk
  switchport trunk allowed vlan 10-1000

interface Ethernet1/8
  description BKATA
  switchport
  switchport mode trunk
  switchport trunk native vlan 10
  switchport trunk allowed vlan 10-1000,2000-2020,2222

interface Ethernet1/9
  description KKATA
  switchport
  switchport mode trunk
  switchport trunk allowed vlan 10-449,451-1000

interface Ethernet1/10
  description ST01-RATKOCZY
  switchport
  switchport mode trunk
  switchport trunk allowed vlan 10-1000

interface Ethernet1/11
  description Aletra
  switchport
  switchport access vlan 64

interface Ethernet1/12
  description Aletra
  switchport
  switchport access vlan 64

interface Ethernet1/13
  description FlowMon monitor
  switchport
  switchport monitor

interface Ethernet1/14
  description KTiK
  switchport
  switchport mode trunk
  switchport trunk allowed vlan 10-1000,2000-2020,2026

interface Ethernet1/15
  description TSM-MENTOSRVR
  switchport
  switchport mode trunk
  switchport trunk allowed vlan 61,113
  channel-group 21 mode active

interface Ethernet1/16
  description WLC9800_mgmt
  switchport
  switchport access vlan 69

interface Ethernet1/17
  description TAPPANCS-TRUNK
  switchport
  switchport mode trunk
  switchport trunk allowed vlan 10-1000
  channel-group 17 mode active

interface Ethernet1/18
  description TAPPANCS-SRTG
  switchport
  switchport access vlan 14
  channel-group 18 mode active

interface Ethernet1/19
  description WLC-PROD2
  switchport
  switchport mode trunk
  switchport trunk native vlan 999
  switchport trunk allowed vlan 110,220,422,552,568,999,2000-2020
  channel-group 19 mode active

interface Ethernet1/20
  description WLC-PROD2
  switchport
  switchport mode trunk
  switchport trunk native vlan 999
  switchport trunk allowed vlan 110,220,422,552,568,999,2000-2020
  channel-group 19 mode active

interface Ethernet1/21
  description ERAD
  switchport
  switchport mode trunk
  switchport trunk allowed vlan 10-1000
  channel-group 20 mode active

interface Ethernet1/22
  description ERAD
  switchport
  switchport mode trunk
  switchport trunk allowed vlan 10-1000
  channel-group 20 mode active

interface Ethernet1/23
  description ELELMEZES
  switchport
  switchport mode trunk
  switchport trunk allowed vlan 69,96-97,110,431,440,849

interface Ethernet1/24
  description PAS ESX
  switchport
  switchport mode trunk
  switchport trunk allowed vlan 10-1000

interface Ethernet1/25
  description PAS ESX
  switchport
  switchport mode trunk
  switchport trunk allowed vlan 10-1000

interface Ethernet1/26
  description PAS ESX
  switchport
  switchport mode trunk
  switchport trunk allowed vlan 10-1000

interface Ethernet1/27
  description IBM_POWER
  switchport
  switchport mode trunk
  switchport trunk allowed vlan 10-1000
  channel-group 11 mode passive

interface Ethernet1/28
  description IBM_POWER
  switchport
  switchport mode trunk
  switchport trunk allowed vlan 10-1000
  channel-group 12 mode passive

interface Ethernet1/29
  description IBM_POWER
  switchport
  switchport mode trunk
  switchport trunk allowed vlan 10-1000
  channel-group 13 mode passive

interface Ethernet1/30
  description IBM_POWER
  switchport
  switchport mode trunk
  switchport trunk allowed vlan 10-1000
  channel-group 14 mode passive

interface Ethernet1/31
  description IBM_POWER
  switchport
  switchport mode trunk
  switchport trunk allowed vlan 10-1000
  channel-group 15 mode passive

interface Ethernet1/32
  description IBM_POWER
  switchport
  switchport mode trunk
  switchport trunk allowed vlan 10-1000
  channel-group 16 mode passive

interface Ethernet1/33
  switchport
  switchport mode trunk
  switchport trunk native vlan 999
  switchport trunk allowed vlan 110,333,421-422,568
  channel-group 100 mode active

interface Ethernet1/34
  description TOMO utca
  switchport
  switchport mode trunk
  switchport trunk allowed vlan 62,69,110,114,143,160,208,211-212,219,390,404,408,414,431,553,564,849

interface Ethernet1/35
  description RADI
  switchport
  switchport mode trunk
  switchport trunk allowed vlan 69,113,160,202,207,298,390,401,407,409,412,418-419,431,460,563,753,850-852,854,858,861,2026

interface Ethernet1/36
  description SEB1
  switchport
  switchport mode trunk
  switchport trunk native vlan 69
  switchport trunk allowed vlan 62,69,110,212,305,390,403-404,410,413,418,430-431,433,440,553,753,849,851-852

interface Ethernet1/37
  description BEL1
  switchport
  switchport mode trunk
  switchport trunk allowed vlan 69,110,207,211,390,404,412,418,420,431,553,563,753,849,999

interface Ethernet1/38
  description KORB2
  switchport
  switchport mode trunk
  switchport trunk allowed vlan 69,110,211,224,383,390,401,430-431,481-483,553,753

interface Ethernet1/39
  description PSYCH
  switchport
  switchport mode trunk

interface Ethernet1/40
  description GYER1
  switchport
  switchport mode trunk
  switchport trunk allowed vlan 64,69,110,113,191,219,351,361,373,390,401,403-404,431,563,751,753

interface Ethernet1/41
  description FULO
  switchport
  switchport mode trunk
  switchport trunk allowed vlan 69,110,390,410,431,753,849

interface Ethernet1/42
  description UROL
  switchport
  switchport mode trunk
  switchport trunk allowed vlan 69,110,303,390,401,404-405,412,418,431,564,603,753,811,849

interface Ethernet1/43
  description NOI2
  switchport
  switchport mode trunk
  switchport trunk allowed vlan 69,110,114,296,352,362,390,409,418,430-431,563-564,848-849,854-855

interface Ethernet1/44
  description *** KBE 10G
  switchport
  switchport mode trunk
  switchport trunk native vlan 22
  switchport trunk allowed vlan 22-23,69,110,202,207,211-212,219-220,224-225,294-298,303-304,352,362,390,407,409-410,413,418,431,460,471,485,563-564,804,810-820,849-856,858-861,911,2000-2020

interface Ethernet1/45
  description TIOP-Fejleszt
  switchport
  switchport mode trunk
  switchport access vlan 666
  switchport trunk native vlan 62
  switchport trunk allowed vlan 10-1000

interface Ethernet1/46
  description TIOP-Fejleszt
  switchport
  switchport mode trunk
  switchport access vlan 666
  switchport trunk native vlan 62
  switchport trunk allowed vlan 10-1000

interface Ethernet1/47
  description WLC5520
  switchport
  switchport mode trunk
  switchport trunk allowed vlan 100-1000
  channel-group 10

interface Ethernet1/48
  description WLC5520
  switchport
  switchport mode trunk
  switchport trunk allowed vlan 100-1000
  channel-group 10

interface Ethernet1/49
  description NET
  switchport
  switchport mode trunk
  switchport trunk allowed vlan 12,20,61-69,97-99,110-112,191,303,390,402-409,421-431,443-590,610-749,822,825,852-899

interface Ethernet1/50
  switchport
  switchport mode trunk
  switchport trunk allowed vlan 10-1000,1111,2222

interface Ethernet1/51
  description VXLAN-CORE
  mtu 9100
  ip address 172.27.4.2/30
  ip ospf cost 100
  ip ospf network point-to-point
  no ip ospf passive-interface
  ip router ospf 2 area 172.27.0.0
  ip pim sparse-mode
  no shutdown

interface Ethernet1/52
  description VXLAN-CORE
  mtu 9100
  ip address 172.27.4.6/30
  ip ospf cost 100
  ip ospf network point-to-point
  no ip ospf passive-interface
  ip router ospf 2 area 172.27.0.0
  ip pim sparse-mode
  no shutdown

interface Ethernet1/53
  description PEER-LINK
  switchport
  switchport mode trunk
  channel-group 1 mode active

interface Ethernet1/54
  description PEER-LINK
  switchport
  switchport mode trunk
  channel-group 1 mode active

interface mgmt0
  vrf member management
  ip address 10.63.66.23/21

interface loopback0
  ip address 172.27.0.23/32
  ip address 172.27.0.123/32 secondary
  ip router ospf 2 area 172.27.0.0
  ip pim sparse-mode
  ip igmp join-group 239.27.0.1
icam monitor scale

cli alias name wr copy running-config startup-config 
cli alias name wrnet copy running-config tftp://tftp.sotnet/$(SWITCHNAME).cfg vrf management 
cli alias name c conf t 
line console
line vty
  exec-timeout 120
boot nxos bootflash:/nxos.9.3.10.bin 
router ospf 2
  router-id 172.27.0.23
  log-adjacency-changes detail
  table-map loopback-map filter
  passive-interface default
no system default switchport shutdown
monitor session 1 
  source interface Ethernet1/1 both
  destination interface Ethernet1/13
  no shut

logging server 10.33.111.70 6 port 1514 use-vrf management
logging source-interface mgmt0
logging timestamp milliseconds
logging origin-id string NEXUS


KKT-S1#     sh int statu

--------------------------------------------------------------------------------
Port          Name               Status    Vlan      Duplex  Speed   Type
--------------------------------------------------------------------------------
mgmt0         --                 connected routed    full    1000    --         

--------------------------------------------------------------------------------
Port          Name               Status    Vlan      Duplex  Speed   Type
--------------------------------------------------------------------------------
Eth1/1        Forti Internet     connected 982       full    10G     10Gbase-LR 
Eth1/2        EOIP Belso         connected 69        full    10G     SFP-H10GB-CU3M
Eth1/3        EOIP Tunnel Trunk  connected trunk     full    10G     SFP-H10GB-CU3M
Eth1/4        EOIP Kulso         connected 401       full    10G     SFP-H10GB-CU3M
Eth1/5        Forti Internet     connected 982       full    10G     10Gbase-LR 
Eth1/6        NKATA              connected trunk     full    10G     10Gbase-LR 
Eth1/7        Kulsosok Mikrotik  connected trunk     full    10G     10Gbase-SR 
Eth1/8        BKATA              connected trunk     full    10G     10Gbase-LR 
Eth1/9        KKATA              connected trunk     full    10G     10Gbase-SR 
Eth1/10       ST01-RATKOCZY      connected trunk     full    10G     10Gbase-SR 
Eth1/11       Aletra             connected 64        full    25G     SFP-H25GB-SR
Eth1/12       Aletra             connected 64        full    25G     SFP-H25GB-SR
Eth1/13       FlowMon monitor    notconnec 1         auto    auto    SFP-H10GB-CU5M
Eth1/14       KTiK               connected trunk     full    10G     10Gbase-SR 
Eth1/15       TSM-MENTOSRVR      connected trunk     full    10G     10Gbase-SR 
Eth1/16       WLC9800_mgmt       connected 69        full    1000    1000base-T 
Eth1/17       TAPPANCS-TRUNK     connected trunk     full    10G     10Gbase-(unknown)
Eth1/18       TAPPANCS-SRTG      connected 14        full    10G     10Gbase-(unknown)
Eth1/19       WLC-PROD2          connected trunk     full    10G     10Gbase-SR 
Eth1/20       WLC-PROD2          connected trunk     full    10G     10Gbase-SR 
Eth1/21       ERAD               connected trunk     full    10G     10Gbase-SR 
Eth1/22       ERAD               connected trunk     full    10G     10Gbase-SR 
Eth1/23       ELELMEZES          connected trunk     full    1000    1000base-SX
Eth1/24       PAS ESX            notconnec trunk     auto    auto    10Gbase-SR 
Eth1/25       PAS ESX            notconnec trunk     auto    auto    10Gbase-SR 
Eth1/26       PAS ESX            notconnec trunk     auto    auto    10Gbase-SR 
Eth1/27       IBM_POWER          connected trunk     full    10G     10Gbase-SR 
Eth1/28       IBM_POWER          connected trunk     full    10G     10Gbase-SR 
Eth1/29       IBM_POWER          connected trunk     full    10G     10Gbase-SR 
Eth1/30       IBM_POWER          connected trunk     full    10G     10Gbase-SR 
Eth1/31       IBM_POWER          connected trunk     full    10G     10Gbase-SR 
Eth1/32       IBM_POWER          connected trunk     full    10G     10Gbase-SR 
Eth1/33       --                 notconnec trunk     auto    auto    10Gbase-SR 
Eth1/34       TOMO utca          connected trunk     full    10G     10Gbase-LR 
Eth1/35       RADI               notconnec trunk     auto    auto    10Gbase-LR 
Eth1/36       SEB1               connected trunk     full    10G     10Gbase-LR 
Eth1/37       BEL1               connected trunk     full    10G     10Gbase-LR 
Eth1/38       KORB2              connected trunk     full    10G     10Gbase-LR 
Eth1/39       PSYCH              connected trunk     full    10G     10Gbase-LR 
Eth1/40       GYER1              connected trunk     full    10G     10Gbase-LR 
Eth1/41       FULO               connected trunk     full    10G     10Gbase-LR 
Eth1/42       UROL               connected trunk     full    10G     10Gbase-LR 
Eth1/43       NOI2               connected trunk     full    10G     10Gbase-LR 
Eth1/44       *** KBE 10G        connected trunk     full    10G     10Gbase-LR 
Eth1/45       TIOP-Fejleszt      connected trunk     full    10G     10Gbase-SR 
Eth1/46       TIOP-Fejleszt      connected trunk     full    10G     10Gbase-SR 
Eth1/47       WLC5520            connected trunk     full    10G     SFP-H10GB-CU3M
Eth1/48       WLC5520            xcvrAbsen trunk     auto    auto    --         
Eth1/49       NET                connected trunk     full    100G    QSFP-100G-LR4
Eth1/50       --                 connected trunk     full    100G    QSFP-100G-CR4
Eth1/51       VXLAN-CORE         connected routed    full    100G    QSFP-100G-CR4
Eth1/52       VXLAN-CORE         connected routed    full    100G    QSFP-100G-CR4
Eth1/53       PEER-LINK          connected trunk     full    100G    QSFP-100G-CR4
Eth1/54       PEER-LINK          connected trunk     full    100G    QSFP-100G-CR4

--------------------------------------------------------------------------------
Port          Name               Status    Vlan      Duplex  Speed   Type
--------------------------------------------------------------------------------
Po1           PEER-LINK          connected trunk     full    100G    --         
Po10          WLC5520            connected trunk     full    10G     --         
Po11          --                 connected trunk     full    10G     --         
Po12          --                 connected trunk     full    10G     --         
Po13          --                 connected trunk     full    10G     --         
Po14          --                 connected trunk     full    10G     --         
Po15          --                 connected trunk     full    10G     --         
Po16          --                 connected trunk     full    10G     --         
Po17          TAPPANCS-TRUNK     connected trunk     full    10G     --         
Po18          TAPPANCS-SRTG      connected 14        full    10G     --         
Po19          WLC-PROD2          connected trunk     full    10G     --         
Po20          ERAD               connected trunk     full    10G     --         
Po21          TSM-MENTOSRVR      connected trunk     full    10G     --         
Po100         --                 noOperMem trunk     auto    auto    --         
Po101         --                 noOperMem trunk     auto    auto    --         

--------------------------------------------------------------------------------
Port          Name               Status    Vlan      Duplex  Speed   Type
--------------------------------------------------------------------------------
Lo0           --                 connected routed    auto    auto    --         

--------------------------------------------------------------------------------
Port          Name               Status    Vlan      Duplex  Speed   Type
--------------------------------------------------------------------------------
Vlan1         --                 down      routed    auto    auto    --
Vlan8         VXLAN-TEMP         connected routed    auto    auto    --
Vlan9         VXLAN-CORE         connected routed    auto    auto    --

--------------------------------------------------------------------------------
Port          Name               Status    Vlan      Duplex  Speed   Type
--------------------------------------------------------------------------------
nve1          --                 connected --        auto    auto    --         
KKT-S1#    sh int desc

-------------------------------------------------------------------------------
Interface                Description                                            
-------------------------------------------------------------------------------
mgmt0                    --

-------------------------------------------------------------------------------
Port          Type   Speed   Description
-------------------------------------------------------------------------------
Eth1/1        eth    10G     Forti Internet
Eth1/2        eth    10G     EOIP Belso
Eth1/3        eth    10G     EOIP Tunnel Trunk
Eth1/4        eth    10G     EOIP Kulso
Eth1/5        eth    10G     Forti Internet
Eth1/6        eth    10G     NKATA
Eth1/7        eth    10G     Kulsosok Mikrotik
Eth1/8        eth    10G     BKATA
Eth1/9        eth    10G     KKATA
Eth1/10       eth    10G     ST01-RATKOCZY
Eth1/11       eth    25G     Aletra
Eth1/12       eth    25G     Aletra
Eth1/13       eth    10G     FlowMon monitor
Eth1/14       eth    10G     KTiK
Eth1/15       eth    10G     TSM-MENTOSRVR
Eth1/16       eth    1000    WLC9800_mgmt
Eth1/17       eth    10G     TAPPANCS-TRUNK
Eth1/18       eth    10G     TAPPANCS-SRTG
Eth1/19       eth    10G     WLC-PROD2
Eth1/20       eth    10G     WLC-PROD2
Eth1/21       eth    10G     ERAD
Eth1/22       eth    10G     ERAD
Eth1/23       eth    1000    ELELMEZES
Eth1/24       eth    10G     PAS ESX
Eth1/25       eth    10G     PAS ESX
Eth1/26       eth    10G     PAS ESX
Eth1/27       eth    10G     IBM_POWER
Eth1/28       eth    10G     IBM_POWER
Eth1/29       eth    10G     IBM_POWER
Eth1/30       eth    10G     IBM_POWER
Eth1/31       eth    10G     IBM_POWER
Eth1/32       eth    10G     IBM_POWER
Eth1/33       eth    10G     --
Eth1/34       eth    10G     TOMO utca
Eth1/35       eth    10G     RADI
Eth1/36       eth    10G     SEB1
Eth1/37       eth    10G     BEL1
Eth1/38       eth    10G     KORB2
Eth1/39       eth    10G     PSYCH
Eth1/40       eth    10G     GYER1
Eth1/41       eth    10G     FULO
Eth1/42       eth    10G     UROL
Eth1/43       eth    10G     NOI2
Eth1/44       eth    10G     *** KBE 10G
Eth1/45       eth    10G     TIOP-Fejleszt
Eth1/46       eth    10G     TIOP-Fejleszt
Eth1/47       eth    10G     WLC5520
Eth1/48       eth    25G     WLC5520
Eth1/49       eth    100G    NET
Eth1/50       eth    100G    --
Eth1/51       eth    100G    VXLAN-CORE
Eth1/52       eth    100G    VXLAN-CORE
Eth1/53       eth    100G    PEER-LINK
Eth1/54       eth    100G    PEER-LINK

-------------------------------------------------------------------------------
Interface                Description                                            
-------------------------------------------------------------------------------
Po1                      PEER-LINK
Po10                     WLC5520
Po11                     --
Po12                     --
Po13                     --
Po14                     --
Po15                     --
Po16                     --
Po17                     TAPPANCS-TRUNK
Po18                     TAPPANCS-SRTG
Po19                     WLC-PROD2
Po20                     ERAD
Po21                     TSM-MENTOSRVR
Po100                    --
Po101                    --

-------------------------------------------------------------------------------
Interface                Description                                            
-------------------------------------------------------------------------------
Lo0                      --

-------------------------------------------------------------------------------
Interface                Description                                            
-------------------------------------------------------------------------------
Vlan1                    --
Vlan8                    VXLAN-TEMP
Vlan9                    VXLAN-CORE
KKT-S1#  sh cdp nei de
----------------------------------------
Device ID:SW1-MGMT.sotnet
VTP Management Domain Name: sotnet

Interface address(es): 1
    IPv4 Address: 10.63.64.163
Platform: cisco C9200L-48T-4G, Capabilities: Switch IGMP Filtering 
Interface: mgmt0, Port ID (outgoing port): GigabitEthernet1/0/3
Holdtime: 159 sec

Version:
Cisco IOS Software [Cupertino], Catalyst L3 Switch Software (CAT9K_LITE_IOSXE), Version 17.8.1, RELEASE SOFTWARE (fc2)
Technical Support: http://www.cisco.com/techsupport
Copyright (c) 1986-2022 by Cisco Systems, Inc.
Compiled Sat 09-Apr-22 00:34 by mcpre

Advertisement Version: 2

Native VLAN: 69
Duplex: full
Mgmt address(es):
    IPv4 Address: 10.63.64.163
Local Interface MAC: 38:fd:f8:1c:65:40
Remote Interface MAC: 6c:8b:d3:c8:6a:83
----------------------------------------
Device ID:Dugonics

Interface address(es): 0
Platform: MikroTik, Capabilities: Router 
Interface: Ethernet1/3, Port ID (outgoing port): bridge1/eoip-tunnel1
Holdtime: 113 sec

Version:
7.18.2 (stable) 2025-03-11 11:59:04

Advertisement Version: 1
Local Interface MAC: 38:fd:f8:1c:65:4a
Remote Interface MAC: 02:53:3e:b8:e8:21
----------------------------------------
Device ID:NKATA.sote.hu
VTP Management Domain Name: NET

Interface address(es): 1
    IPv4 Address: 193.6.209.10
Platform: cisco WS-C6509-E, Capabilities: Router Switch IGMP Filtering 
Interface: Ethernet1/6, Port ID (outgoing port): TenGigabitEthernet9/3
Holdtime: 158 sec

Version:
Cisco Internetwork Operating System Software 
IOS (tm) s72033_rp Software (s72033_rp-ENTSERVICESK9_WAN-M), Version 12.2(18)SXF10, RELEASE SOFTWARE (fc1)
Technical Support: http://www.cisco.com/techsupport
Copyright (c) 1986-2007 by cisco Systems, Inc.
Compiled Fri 13-Jul-07 07:48 by kellythw

Advertisement Version: 2

Native VLAN: 12
Duplex: full
Local Interface MAC: 38:fd:f8:1c:65:4d
Remote Interface MAC: 00:1b:d4:ab:17:d2
----------------------------------------
Device ID:KTik4

Interface address(es): 0
Platform: MikroTik, Capabilities: Router 
Interface: Ethernet1/7, Port ID (outgoing port): bridge1/sfp-sfpplus16
Holdtime: 60 sec

Version:
7.7 (stable) Jan/12/2023 07:35:45

Advertisement Version: 1
Local Interface MAC: 38:fd:f8:1c:65:4e
Remote Interface MAC: a0:bc:6f:2b:ef:b1
----------------------------------------
Device ID:st-mgmt4.sotnet
VTP Management Domain Name: sotnet

Interface address(es): 1
    IPv4 Address: 10.63.65.150
Platform: cisco C9200L-48PXG-4X, Capabilities: Switch IGMP Filtering 
Interface: Ethernet1/7, Port ID (outgoing port): TenGigabitEthernet1/1/1
Holdtime: 172 sec

Version:
Cisco IOS Software [Cupertino], Catalyst L3 Switch Software (CAT9K_LITE_IOSXE), Version 17.9.4a, RELEASE SOFTWARE (fc3)
Technical Support: http://www.cisco.com/techsupport
Copyright (c) 1986-2023 by Cisco Systems, Inc.
Compiled Fri 20-Oct-23 10:33 by mcpre

Advertisement Version: 2

Native VLAN: 1
Duplex: full
Mgmt address(es):
    IPv4 Address: 10.63.65.150
Local Interface MAC: 38:fd:f8:1c:65:4e
Remote Interface MAC: a0:bc:6f:2b:ef:b1
----------------------------------------
Device ID:st-mgmt3

Interface address(es): 1
    IPv4 Address: 10.63.65.84
Platform: cisco WS-C2960X-48TD-L, Capabilities: Switch IGMP Filtering 
Interface: Ethernet1/7, Port ID (outgoing port): TenGigabitEthernet1/0/1
Holdtime: 162 sec

Version:
Cisco IOS Software, C2960X Software (C2960X-UNIVERSALK9-M), Version 15.2(7)E10, RELEASE SOFTWARE (fc3)
Technical Support: http://www.cisco.com/techsupport
Copyright (c) 1986-2024 by Cisco Systems, Inc.
Compiled Tue 12-Mar-24 08:54 by mcpre

Advertisement Version: 2

Native VLAN: 1
Duplex: full
Mgmt address(es):
    IPv4 Address: 10.63.65.84
Local Interface MAC: 38:fd:f8:1c:65:4e
Remote Interface MAC: a0:bc:6f:2b:ef:b1
----------------------------------------
Device ID:BKATA.sote.hu
VTP Management Domain Name: BKT

Interface address(es): 1
    IPv4 Address: 193.6.209.5
Platform: cisco WS-C6513, Capabilities: Router Switch IGMP Filtering 
Interface: Ethernet1/8, Port ID (outgoing port): TenGigabitEthernet13/1
Holdtime: 146 sec

Version:
Cisco Internetwork Operating System Software 
IOS (tm) s72033_rp Software (s72033_rp-ENTSERVICESK9_WAN-M), Version 12.2(18)SXF10, RELEASE SOFTWARE (fc1)
Technical Support: http://www.cisco.com/techsupport
Copyright (c) 1986-2007 by cisco Systems, Inc.
Compiled Fri 13-Jul-07 07:48 by kellythw

Advertisement Version: 2

Native VLAN: 10
Duplex: full
Local Interface MAC: 38:fd:f8:1c:65:4f
Remote Interface MAC: 00:1a:a1:0e:fd:24
----------------------------------------
Device ID:KKATA.sote.hu

Interface address(es): 1
    IPv4 Address: 193.6.209.6
Platform: cisco WS-C6513, Capabilities: Router Switch IGMP Filtering 
Interface: Ethernet1/9, Port ID (outgoing port): TenGigabitEthernet9/1
Holdtime: 177 sec

Version:
Cisco Internetwork Operating System Software 
IOS (tm) s72033_rp Software (s72033_rp-ENTSERVICESK9_WAN-M), Version 12.2(18)SXF10, RELEASE SOFTWARE (fc1)
Technical Support: http://www.cisco.com/techsupport
Copyright (c) 1986-2007 by cisco Systems, Inc.
Compiled Fri 13-Jul-07 07:48 by kellythw

Advertisement Version: 2

Native VLAN: 1
Duplex: full
Local Interface MAC: 38:fd:f8:1c:65:50
Remote Interface MAC: 44:d3:ca:81:73:48
----------------------------------------
Device ID:SW01-RATKOCZY.sotnet
VTP Management Domain Name: sotnet

Interface address(es): 1
    IPv4 Address: 10.63.65.56
Platform: cisco WS-C2960X-24PD-L, Capabilities: Switch IGMP Filtering 
Interface: Ethernet1/10, Port ID (outgoing port): TenGigabitEthernet1/0/2
Holdtime: 176 sec

Version:
Cisco IOS Software, C2960X Software (C2960X-UNIVERSALK9-M), Version 15.2(2)E7, RELEASE SOFTWARE (fc3)
Technical Support: http://www.cisco.com/techsupport
Copyright (c) 1986-2017 by Cisco Systems, Inc.
Compiled Wed 12-Jul-17 13:06 by prod_rel_team

Advertisement Version: 2

Native VLAN: 1
Duplex: full
Mgmt address(es):
    IPv4 Address: 10.63.65.56
Local Interface MAC: 38:fd:f8:1c:65:51
Remote Interface MAC: 00:2f:5c:3d:68:9c
----------------------------------------
Device ID:KTik3

Interface address(es): 0
Platform: MikroTik, Capabilities: Router 
Interface: Ethernet1/14, Port ID (outgoing port): bridge1/ibm_portch2/sfp-sfpplus1
Holdtime: 60 sec

Version:
6.48.3 (stable)

Advertisement Version: 1
Local Interface MAC: 38:fd:f8:1c:65:55
Remote Interface MAC: 2c:c8:1b:2f:ba:dc
----------------------------------------
Device ID:wlc-prod2.semmelweis.hu

Interface address(es): 1
    IPv4 Address: 10.63.66.42
Platform: cisco C9800-40-K9, Capabilities: Router IGMP Filtering 
Interface: Ethernet1/16, Port ID (outgoing port): GigabitEthernet0
Holdtime: 152 sec

Version:
Cisco IOS Software [Dublin], C9800 Software (C9800_IOSXE-K9), Version 17.12.4, RELEASE SOFTWARE (fc3)
Technical Support: http://www.cisco.com/techsupport
Copyright (c) 1986-2024 by Cisco Systems, Inc.
Compiled Tue 23-Jul-24 09:45 by mcpre

Advertisement Version: 2
Duplex: full
Mgmt address(es):
    IPv4 Address: 10.63.66.42
Local Interface MAC: 38:fd:f8:1c:65:57
Remote Interface MAC: d0:dc:2c:c0:32:21
----------------------------------------
Device ID:rt-Maglodi

Interface address(es): 0
Platform: MikroTik, Capabilities: Router 
Interface: Ethernet1/17, Port ID (outgoing port): bridge1/eoip-tunnel1
Holdtime: 112 sec

Version:
7.16.2 (stable) 2024-11-26 12:09:40

Advertisement Version: 1
Local Interface MAC: 38:fd:f8:1c:65:58
Remote Interface MAC: 48:a9:8a:4d:de:52
----------------------------------------
Device ID:rt-bela

Interface address(es): 0
Platform: MikroTik, Capabilities: Router 
Interface: Ethernet1/17, Port ID (outgoing port): bridge1/eoip-tunnel1-bela
Holdtime: 112 sec

Version:
7.16 (stable) 2024-09-20 13:00:27

Advertisement Version: 1
Local Interface MAC: 38:fd:f8:1c:65:58
Remote Interface MAC: 48:a9:8a:4d:de:52
----------------------------------------
Device ID:RT-Erkel

Interface address(es): 0
Platform: MikroTik, Capabilities: Router 
Interface: Ethernet1/17, Port ID (outgoing port): Intra/eoip-tunnel
Holdtime: 101 sec

Version:
7.19.4 (stable) 2025-07-28 10:00:16

Advertisement Version: 1
Local Interface MAC: 38:fd:f8:1c:65:58
Remote Interface MAC: 48:a9:8a:4d:de:52
----------------------------------------
Device ID:RT-Liget

Interface address(es): 0
Platform: MikroTik, Capabilities: Router 
Interface: Ethernet1/17, Port ID (outgoing port): bridge1/eoip-tunnel1
Holdtime: 98 sec

Version:
7.20.2 (stable) 2025-10-21 07:28:20

Advertisement Version: 1
Local Interface MAC: 38:fd:f8:1c:65:58
Remote Interface MAC: 48:a9:8a:4d:de:52
----------------------------------------
Device ID:SW41-ERKEL.sotnet
VTP Management Domain Name: sotnet

Interface address(es): 1
    IPv4 Address: 10.63.65.92
Platform: cisco WS-C2960X-48TD-L, Capabilities: Switch IGMP Filtering 
Interface: Ethernet1/17, Port ID (outgoing port): GigabitEthernet1/0/49
Holdtime: 136 sec

Version:
Cisco IOS Software, C2960X Software (C2960X-UNIVERSALK9-M), Version 15.2(7)E1, RELEASE SOFTWARE (fc4)
Technical Support: http://www.cisco.com/techsupport
Copyright (c) 1986-2019 by Cisco Systems, Inc.
Compiled Sat 07-Dec-19 09:42 by prod_rel_team

Advertisement Version: 2

Native VLAN: 69
Duplex: full
Mgmt address(es):
    IPv4 Address: 10.63.65.92
Local Interface MAC: 38:fd:f8:1c:65:58
Remote Interface MAC: 48:a9:8a:4d:de:52
----------------------------------------
Device ID:Sporttelep

Interface address(es): 0
Platform: MikroTik, Capabilities: Router 
Interface: Ethernet1/17, Port ID (outgoing port): bridge1/eoip-tunnel-sport
Holdtime: 66 sec

Version:
7.7 (stable) Jan/12/2023 07:35:45

Advertisement Version: 1
Local Interface MAC: 38:fd:f8:1c:65:58
Remote Interface MAC: 48:a9:8a:4d:de:52
----------------------------------------
Device ID:SW31-ERKEL.sotnet
VTP Management Domain Name: sotnet

Interface address(es): 1
    IPv4 Address: 10.63.65.91
Platform: cisco WS-C2960X-48TD-L, Capabilities: Switch IGMP Filtering 
Interface: Ethernet1/17, Port ID (outgoing port): GigabitEthernet1/0/49
Holdtime: 135 sec

Version:
Cisco IOS Software, C2960X Software (C2960X-UNIVERSALK9-M), Version 15.2(7)E4, RELEASE SOFTWARE (fc2)
Technical Support: http://www.cisco.com/techsupport
Copyright (c) 1986-2021 by Cisco Systems, Inc.
Compiled Mon 08-Mar-21 11:26 by prod_rel_team

Advertisement Version: 2

Native VLAN: 69
Duplex: full
Mgmt address(es):
    IPv4 Address: 10.63.65.91
Local Interface MAC: 38:fd:f8:1c:65:58
Remote Interface MAC: 48:a9:8a:4d:de:52
----------------------------------------
Device ID:SW11-ERKEL.sotnet
VTP Management Domain Name: sotnet

Interface address(es): 1
    IPv4 Address: 10.63.64.70
Platform: cisco WS-C2960X-48FPD-L, Capabilities: Switch IGMP Filtering 
Interface: Ethernet1/17, Port ID (outgoing port): GigabitEthernet1/0/49
Holdtime: 145 sec

Version:
Cisco IOS Software, C2960X Software (C2960X-UNIVERSALK9-M), Version 15.2(7)E10, RELEASE SOFTWARE (fc3)
Technical Support: http://www.cisco.com/techsupport
Copyright (c) 1986-2024 by Cisco Systems, Inc.
Compiled Tue 12-Mar-24 08:54 by mcpre

Advertisement Version: 2

Native VLAN: 69
Duplex: full
Mgmt address(es):
    IPv4 Address: 10.63.64.70
Local Interface MAC: 38:fd:f8:1c:65:58
Remote Interface MAC: 48:a9:8a:4d:de:52
----------------------------------------
Device ID:wlc-prod2.semmelweis.hu

Interface address(es): 1
    IPv4 Address: 10.63.140.12
Platform: cisco C9800-40-K9, Capabilities: Router IGMP Filtering 
Interface: Ethernet1/19, Port ID (outgoing port): TenGigabitEthernet0/0/2
Holdtime: 150 sec

Version:
Cisco IOS Software [Dublin], C9800 Software (C9800_IOSXE-K9), Version 17.12.4, RELEASE SOFTWARE (fc3)
Technical Support: http://www.cisco.com/techsupport
Copyright (c) 1986-2024 by Cisco Systems, Inc.
Compiled Tue 23-Jul-24 09:45 by mcpre

Advertisement Version: 2
Mgmt address(es):
    IPv4 Address: 10.63.140.12
Local Interface MAC: 38:fd:f8:1c:65:5a
Remote Interface MAC: d0:dc:2c:c0:32:2e
----------------------------------------
Device ID:wlc-prod2.semmelweis.hu

Interface address(es): 1
    IPv4 Address: 10.63.140.12
Platform: cisco C9800-40-K9, Capabilities: Router IGMP Filtering 
Interface: Ethernet1/20, Port ID (outgoing port): TenGigabitEthernet0/0/3
Holdtime: 134 sec

Version:
Cisco IOS Software [Dublin], C9800 Software (C9800_IOSXE-K9), Version 17.12.4, RELEASE SOFTWARE (fc3)
Technical Support: http://www.cisco.com/techsupport
Copyright (c) 1986-2024 by Cisco Systems, Inc.
Compiled Tue 23-Jul-24 09:45 by mcpre

Advertisement Version: 2
Mgmt address(es):
    IPv4 Address: 10.63.140.12
Local Interface MAC: 38:fd:f8:1c:65:5b
Remote Interface MAC: d0:dc:2c:c0:32:2f
----------------------------------------
Device ID:ST-ERAD.sotnet
VTP Management Domain Name: sotnet

Interface address(es): 1
    IPv4 Address: 10.63.65.66
Platform: cisco C9300X-24Y, Capabilities: Switch IGMP Filtering 
Interface: Ethernet1/21, Port ID (outgoing port): TwentyFiveGigE1/0/23
Holdtime: 137 sec

Version:
Cisco IOS Software [Cupertino], Catalyst L3 Switch Software (CAT9K_IOSXE), Version 17.9.5, RELEASE SOFTWARE (fc1)
Technical Support: http://www.cisco.com/techsupport
Copyright (c) 1986-2024 by Cisco Systems, Inc.
Compiled Tue 30-Jan-24 15:48 by mcpre

Advertisement Version: 2

Native VLAN: 1
Duplex: full
Mgmt address(es):
    IPv4 Address: 10.63.65.66
Local Interface MAC: 38:fd:f8:1c:65:5c
Remote Interface MAC: b4:4c:90:83:f1:17
----------------------------------------
Device ID:ST-ERAD.sotnet
VTP Management Domain Name: sotnet

Interface address(es): 1
    IPv4 Address: 10.63.65.66
Platform: cisco C9300X-24Y, Capabilities: Switch IGMP Filtering 
Interface: Ethernet1/22, Port ID (outgoing port): TwentyFiveGigE2/0/23
Holdtime: 143 sec

Version:
Cisco IOS Software [Cupertino], Catalyst L3 Switch Software (CAT9K_IOSXE), Version 17.9.5, RELEASE SOFTWARE (fc1)
Technical Support: http://www.cisco.com/techsupport
Copyright (c) 1986-2024 by Cisco Systems, Inc.
Compiled Tue 30-Jan-24 15:48 by mcpre

Advertisement Version: 2

Native VLAN: 1
Duplex: full
Mgmt address(es):
    IPv4 Address: 10.63.65.66
Local Interface MAC: 38:fd:f8:1c:65:5d
Remote Interface MAC: ec:19:2e:0c:e6:97
----------------------------------------
Device ID:SW12-ELELM.sotnet
VTP Management Domain Name: sotnet

Interface address(es): 1
    IPv4 Address: 10.63.64.234
Platform: cisco WS-C2960X-48TD-L, Capabilities: Switch IGMP Filtering 
Interface: Ethernet1/23, Port ID (outgoing port): GigabitEthernet1/0/49
Holdtime: 138 sec

Version:
Cisco IOS Software, C2960X Software (C2960X-UNIVERSALK9-M), Version 15.2(7)E4, RELEASE SOFTWARE (fc2)
Technical Support: http://www.cisco.com/techsupport
Copyright (c) 1986-2021 by Cisco Systems, Inc.
Compiled Mon 08-Mar-21 11:26 by prod_rel_team

Advertisement Version: 2

Native VLAN: 1
Duplex: full
Mgmt address(es):
    IPv4 Address: 10.63.64.234
Local Interface MAC: 38:fd:f8:1c:65:5e
Remote Interface MAC: a0:55:4f:18:44:31
----------------------------------------
Device ID:ST01-TOMO.sotnet

Interface address(es): 1
    IPv4 Address: 10.63.65.105
Platform: cisco C9200L-48T-4X, Capabilities: Switch IGMP Filtering 
Interface: Ethernet1/34, Port ID (outgoing port): TenGigabitEthernet1/1/1
Holdtime: 156 sec

Version:
Cisco IOS Software [Dublin], Catalyst L3 Switch Software (CAT9K_LITE_IOSXE), Version 17.12.4, RELEASE SOFTWARE (fc3)
Technical Support: http://www.cisco.com/techsupport
Copyright (c) 1986-2024 by Cisco Systems, Inc.
Compiled Tue 23-Jul-24 09:41 by mcpre

Advertisement Version: 2

Native VLAN: 1
Duplex: full
Mgmt address(es):
    IPv4 Address: 10.63.65.105
Local Interface MAC: 38:fd:f8:1c:65:69
Remote Interface MAC: 70:da:48:fe:b7:b1
----------------------------------------
Device ID:ST01-SEB1.sotnet
VTP Management Domain Name: sotnet

Interface address(es): 1
    IPv4 Address: 10.63.64.142
Platform: cisco C9200L-48T-4G, Capabilities: Switch IGMP Filtering 
Interface: Ethernet1/36, Port ID (outgoing port): TenGigabitEthernet3/1/1
Holdtime: 139 sec

Version:
Cisco IOS Software [Cupertino], Catalyst L3 Switch Software (CAT9K_LITE_IOSXE), Version 17.8.1, RELEASE SOFTWARE (fc2)
Technical Support: http://www.cisco.com/techsupport
Copyright (c) 1986-2022 by Cisco Systems, Inc.
Compiled Sat 09-Apr-22 00:34 by mcpre

Advertisement Version: 2

Native VLAN: 69
Duplex: full
Mgmt address(es):
    IPv4 Address: 10.63.64.142
Local Interface MAC: 38:fd:f8:1c:65:6b
Remote Interface MAC: dc:05:39:bf:78:99
----------------------------------------
Device ID:ST01-BEL1.sotnet

Interface address(es): 1
    IPv4 Address: 10.63.65.32
Platform: cisco C9200L-48T-4X, Capabilities: Switch IGMP Filtering 
Interface: Ethernet1/37, Port ID (outgoing port): TenGigabitEthernet1/1/1
Holdtime: 160 sec

Version:
Cisco IOS Software [Cupertino], Catalyst L3 Switch Software (CAT9K_LITE_IOSXE), Version 17.9.4, RELEASE SOFTWARE (fc5)
Technical Support: http://www.cisco.com/techsupport
Copyright (c) 1986-2023 by Cisco Systems, Inc.
Compiled Wed 26-Jul-23 10:43 by mcpre

Advertisement Version: 2

Native VLAN: 1
Duplex: full
Mgmt address(es):
    IPv4 Address: 10.63.65.32
Local Interface MAC: 38:fd:f8:1c:65:6c
Remote Interface MAC: cc:d3:42:43:0b:31
----------------------------------------
Device ID:ST01-KORB2.sotnet
VTP Management Domain Name: sotnet

Interface address(es): 1
    IPv4 Address: 10.63.65.95
Platform: cisco C9200L-48T-4X, Capabilities: Switch IGMP Filtering 
Interface: Ethernet1/38, Port ID (outgoing port): TenGigabitEthernet1/1/1
Holdtime: 149 sec

Version:
Cisco IOS Software [Bengaluru], Catalyst L3 Switch Software (CAT9K_LITE_IOSXE), Version 17.6.4, RELEASE SOFTWARE (fc1)
Technical Support: http://www.cisco.com/techsupport
Copyright (c) 1986-2022 by Cisco Systems, Inc.
Compiled Sun 14-Aug-22 07:06 by mcpre

Advertisement Version: 2

Native VLAN: 1
Duplex: full
Mgmt address(es):
    IPv4 Address: 10.63.65.95
Local Interface MAC: 38:fd:f8:1c:65:6d
Remote Interface MAC: 8c:84:42:cd:ae:b1
----------------------------------------
Device ID:ST01-PSYCH.sotnet

Interface address(es): 1
    IPv4 Address: 10.63.65.38
Platform: cisco C9200L-48T-4X, Capabilities: Switch IGMP Filtering 
Interface: Ethernet1/39, Port ID (outgoing port): TenGigabitEthernet1/1/1
Holdtime: 129 sec

Version:
Cisco IOS Software [Cupertino], Catalyst L3 Switch Software (CAT9K_LITE_IOSXE), Version 17.9.4, RELEASE SOFTWARE (fc5)
Technical Support: http://www.cisco.com/techsupport
Copyright (c) 1986-2023 by Cisco Systems, Inc.
Compiled Wed 26-Jul-23 10:43 by mcpre

Advertisement Version: 2

Native VLAN: 1
Duplex: full
Mgmt address(es):
    IPv4 Address: 10.63.65.38
Local Interface MAC: 38:fd:f8:1c:65:6e
Remote Interface MAC: cc:d3:42:3d:d6:b1
----------------------------------------
Device ID:STF01-GYER1.sotnet
VTP Management Domain Name: sotnet

Interface address(es): 1
    IPv4 Address: 10.63.64.156
Platform: cisco C9200L-48T-4X, Capabilities: Switch IGMP Filtering 
Interface: Ethernet1/40, Port ID (outgoing port): TenGigabitEthernet1/1/1
Holdtime: 128 sec

Version:
Cisco IOS Software [Cupertino], Catalyst L3 Switch Software (CAT9K_LITE_IOSXE), Version 17.8.1, RELEASE SOFTWARE (fc2)
Technical Support: http://www.cisco.com/techsupport
Copyright (c) 1986-2022 by Cisco Systems, Inc.
Compiled Sat 09-Apr-22 00:34 by mcpre

Advertisement Version: 2

Native VLAN: 1
Duplex: full
Mgmt address(es):
    IPv4 Address: 10.63.64.156
Local Interface MAC: 38:fd:f8:1c:65:6f
Remote Interface MAC: cc:d3:42:3d:7e:b1
----------------------------------------
Device ID:ST01-FULO.sotnet
VTP Management Domain Name: sotnet

Interface address(es): 1
    IPv4 Address: 10.63.64.133
Platform: cisco C9200L-48T-4X, Capabilities: Switch IGMP Filtering 
Interface: Ethernet1/41, Port ID (outgoing port): TenGigabitEthernet1/1/1
Holdtime: 166 sec

Version:
Cisco IOS Software [Cupertino], Catalyst L3 Switch Software (CAT9K_LITE_IOSXE), Version 17.9.4, RELEASE SOFTWARE (fc5)
Technical Support: http://www.cisco.com/techsupport
Copyright (c) 1986-2023 by Cisco Systems, Inc.
Compiled Wed 26-Jul-23 10:43 by mcpre

Advertisement Version: 2

Native VLAN: 1
Duplex: full
Mgmt address(es):
    IPv4 Address: 10.63.64.133
Local Interface MAC: 38:fd:f8:1c:65:70
Remote Interface MAC: bc:8d:1f:61:e1:31
----------------------------------------
Device ID:ST01-UROL.sotnet

Interface address(es): 1
    IPv4 Address: 10.63.65.17
Platform: cisco C9200L-48T-4X, Capabilities: Switch IGMP Filtering 
Interface: Ethernet1/42, Port ID (outgoing port): TenGigabitEthernet1/1/1
Holdtime: 146 sec

Version:
Cisco IOS Software [Cupertino], Catalyst L3 Switch Software (CAT9K_LITE_IOSXE), Version 17.9.4, RELEASE SOFTWARE (fc5)
Technical Support: http://www.cisco.com/techsupport
Copyright (c) 1986-2023 by Cisco Systems, Inc.
Compiled Wed 26-Jul-23 10:43 by mcpre

Advertisement Version: 2

Native VLAN: 1
Duplex: full
Mgmt address(es):
    IPv4 Address: 10.63.65.17
Local Interface MAC: 38:fd:f8:1c:65:71
Remote Interface MAC: dc:0b:09:2b:c5:31
----------------------------------------
Device ID:ST01-NOI2.sotnet

Interface address(es): 1
    IPv4 Address: 10.63.65.103
Platform: cisco C9200L-48T-4X, Capabilities: Switch IGMP Filtering 
Interface: Ethernet1/43, Port ID (outgoing port): TenGigabitEthernet2/1/1
Holdtime: 174 sec

Version:
Cisco IOS Software [Cupertino], Catalyst L3 Switch Software (CAT9K_LITE_IOSXE), Version 17.9.4a, RELEASE SOFTWARE (fc3)
Technical Support: http://www.cisco.com/techsupport
Copyright (c) 1986-2023 by Cisco Systems, Inc.
Compiled Fri 20-Oct-23 10:33 by mcpre

Advertisement Version: 2

Native VLAN: 1
Duplex: full
Mgmt address(es):
    IPv4 Address: 10.63.65.103
Local Interface MAC: 38:fd:f8:1c:65:72
Remote Interface MAC: b0:8d:57:f8:b8:19
----------------------------------------
Device ID:KBKATA.sote.hu

Interface address(es): 1
    IPv4 Address: 193.6.209.66
Platform: cisco WS-C3750X-12S, Capabilities: Router Switch IGMP Filtering 
Interface: Ethernet1/44, Port ID (outgoing port): TenGigabitEthernet1/1/2
Holdtime: 162 sec

Version:
Cisco IOS Software, C3750E Software (C3750E-UNIVERSALK9-M), Version 12.2(58)SE2, RELEASE SOFTWARE (fc1)
Technical Support: http://www.cisco.com/techsupport
Copyright (c) 1986-2011 by Cisco Systems, Inc.
Compiled Thu 21-Jul-11 01:23 by prod_rel_team

Advertisement Version: 2

Native VLAN: 22
Duplex: full
Mgmt address(es):
    IPv4 Address: 193.6.209.66
Local Interface MAC: 38:fd:f8:1c:65:73
Remote Interface MAC: 7c:0e:ce:50:3c:92
----------------------------------------
Device ID:wlc-active

Interface address(es): 2
    IPv4 Address: 10.63.128.3
    IPv6 Address: fe80::36ed:1bff:fe93:5829
Platform: AIR-CT5520-K9, Capabilities: Host
Interface: Ethernet1/47, Port ID (outgoing port): TenGigabitEthernet0/0/2
Holdtime: 165 sec

Version:
Manufacturer's Name: Cisco Systems Inc.  Product Name: Cisco Controller  Product Version: 8.10.183.0  RTOS Version: 8.10.183.0  Bootloader Version: 8.3.15.177  Build Type: DATA + WPS

Advertisement Version: 2
Duplex: full
Local Interface MAC: 38:fd:f8:1c:65:76
Remote Interface MAC: 00:00:00:00:00:00
----------------------------------------
Device ID:NET-S1.sotnet(FDO25440U8K)
System Name: NET-S1

Interface address(es): 1
    IPv4 Address: 172.27.4.102
Platform: N9K-C93180YC-FX, Capabilities: Router Switch IGMP Filtering Supports-STP-Dispute
Interface: Ethernet1/49, Port ID (outgoing port): Ethernet1/49
Holdtime: 132 sec

Version:
Cisco Nexus Operating System (NX-OS) Software, Version 10.3(5)

Advertisement Version: 2

Native VLAN: 1
Duplex: full

MTU: 1500
Mgmt address(es):
    IPv4 Address: 10.63.66.34
Local Interface MAC: 38:fd:f8:1c:65:78
Remote Interface MAC: 38:fd:f8:1c:6e:d8
----------------------------------------
Device ID:KKT-T1.sotnet(FDO25390LZG)
System Name: KKT-T1

Interface address(es): 1
    IPv4 Address: 172.27.4.25
Platform: N9K-C93108TC-FX, Capabilities: Router Switch IGMP Filtering Supports-STP-Dispute
Interface: Ethernet1/50, Port ID (outgoing port): Ethernet1/50
Holdtime: 168 sec

Version:
Cisco Nexus Operating System (NX-OS) Software, Version 9.3(10)

Advertisement Version: 2

Native VLAN: 1
Duplex: full

MTU: 1500
Mgmt address(es):
    IPv4 Address: 10.63.66.25
Local Interface MAC: 38:fd:f8:1c:65:7c
Remote Interface MAC: a4:78:06:fd:c8:ac
----------------------------------------
Device ID:KKT-Q1.sotnet(FDO2543258Z)
System Name: KKT-Q1

Interface address(es): 1
    IPv4 Address: 172.27.4.1
Platform: N9K-C9332C, Capabilities: Router Switch Supports-STP-Dispute
Interface: Ethernet1/51, Port ID (outgoing port): Ethernet1/29
Holdtime: 177 sec

Version:
Cisco Nexus Operating System (NX-OS) Software, Version 9.3(10)

Advertisement Version: 2
Duplex: full

MTU: 9100
Mgmt address(es):
    IPv4 Address: 10.63.66.21
Local Interface MAC: 38:fd:f8:1c:65:80
Remote Interface MAC: c4:4d:84:81:16:b9
----------------------------------------
Device ID:KKT-Q2.sotnet(FDO254325A7)
System Name: KKT-Q2

Interface address(es): 1
    IPv4 Address: 172.27.4.5
Platform: N9K-C9332C, Capabilities: Router Switch Supports-STP-Dispute
Interface: Ethernet1/52, Port ID (outgoing port): Ethernet1/29
Holdtime: 149 sec

Version:
Cisco Nexus Operating System (NX-OS) Software, Version 9.3(10)

Advertisement Version: 2
Duplex: full

MTU: 9100
Mgmt address(es):
    IPv4 Address: 10.63.66.22
Local Interface MAC: 38:fd:f8:1c:65:84
Remote Interface MAC: a4:78:06:35:50:57
----------------------------------------
Device ID:KKT-S2.sotnet(FDO25440UFM)
System Name: KKT-S2

Interface address(es): 1
    IPv4 Address: 172.27.4.22
Platform: N9K-C93180YC-FX, Capabilities: Router Switch IGMP Filtering Supports-STP-Dispute
Interface: Ethernet1/53, Port ID (outgoing port): Ethernet1/53
Holdtime: 160 sec

Version:
Cisco Nexus Operating System (NX-OS) Software, Version 9.3(10)

Advertisement Version: 2

Native VLAN: 1
Duplex: full

MTU: 1500
Mgmt address(es):
    IPv4 Address: 10.63.66.24
Local Interface MAC: 38:fd:f8:1c:65:88
Remote Interface MAC: 38:fd:f8:1c:68:47
----------------------------------------
Device ID:KKT-S2.sotnet(FDO25440UFM)
System Name: KKT-S2

Interface address(es): 1
    IPv4 Address: 172.27.4.22
Platform: N9K-C93180YC-FX, Capabilities: Router Switch IGMP Filtering Supports-STP-Dispute
Interface: Ethernet1/54, Port ID (outgoing port): Ethernet1/54
Holdtime: 160 sec

Version:
Cisco Nexus Operating System (NX-OS) Software, Version 9.3(10)

Advertisement Version: 2

Native VLAN: 1
Duplex: full

MTU: 1500
Mgmt address(es):
    IPv4 Address: 10.63.66.24
Local Interface MAC: 38:fd:f8:1c:65:8c
Remote Interface MAC: 38:fd:f8:1c:68:47
KKT-S1#    sh ip route
IP Route Table for VRF "default"
'*' denotes best ucast next-hop
'**' denotes best mcast next-hop
'[x/y]' denotes [preference/metric]
'%<string>' in via output denotes VRF <string>

172.27.0.1/32, ubest/mbest: 2/0
    *via 172.27.4.1, Eth1/51, [110/101], 2y15w, ospf-2, intra
    *via 172.27.4.5, Eth1/52, [110/101], 2y15w, ospf-2, intra
172.27.0.11/32, ubest/mbest: 1/0
    *via 172.27.4.1, Eth1/51, [110/211], 2y15w, ospf-2, intra
172.27.0.12/32, ubest/mbest: 1/0
    *via 172.27.4.1, Eth1/51, [110/321], 4w5d, ospf-2, intra
172.27.0.13/32, ubest/mbest: 1/0
    *via 172.27.4.1, Eth1/51, [110/431], 4w5d, ospf-2, intra
172.27.0.14/32, ubest/mbest: 1/0
    *via 172.27.4.1, Eth1/51, [110/321], 1y7w, ospf-2, intra
172.27.0.15/32, ubest/mbest: 1/0
    *via 172.27.4.1, Eth1/51, [110/321], 2y15w, ospf-2, intra
172.27.0.16/32, ubest/mbest: 1/0
    *via 172.27.4.1, Eth1/51, [110/321], 2y15w, ospf-2, intra
172.27.0.21/32, ubest/mbest: 1/0
    *via 172.27.4.1, Eth1/51, [110/101], 2y15w, ospf-2, intra
172.27.0.22/32, ubest/mbest: 1/0
    *via 172.27.4.5, Eth1/52, [110/101], 2y15w, ospf-2, intra
172.27.0.23/32, ubest/mbest: 2/0, attached
    *via 172.27.0.23, Lo0, [0/0], 3y4w, local
    *via 172.27.0.23, Lo0, [0/0], 3y4w, direct
172.27.0.24/32, ubest/mbest: 1/0
    *via 172.27.4.22, Vlan9, [110/111], 3y4w, ospf-2, intra
172.27.0.25/32, ubest/mbest: 2/0
    *via 172.27.4.1, Eth1/51, [110/201], 2y15w, ospf-2, intra
    *via 172.27.4.5, Eth1/52, [110/201], 2y15w, ospf-2, intra
172.27.0.26/32, ubest/mbest: 2/0
    *via 172.27.4.1, Eth1/51, [110/201], 2y15w, ospf-2, intra
    *via 172.27.4.5, Eth1/52, [110/201], 2y15w, ospf-2, intra
172.27.0.111/32, ubest/mbest: 1/0
    *via 172.27.4.1, Eth1/51, [110/211], 2y15w, ospf-2, intra
172.27.0.113/32, ubest/mbest: 1/0
    *via 172.27.4.1, Eth1/51, [110/321], 2y15w, ospf-2, intra
172.27.0.115/32, ubest/mbest: 1/0
    *via 172.27.4.1, Eth1/51, [110/321], 2y15w, ospf-2, intra
172.27.0.121/32, ubest/mbest: 2/0
    *via 172.27.4.1, Eth1/51, [110/101], 2y15w, ospf-2, intra
    *via 172.27.4.5, Eth1/52, [110/101], 2y15w, ospf-2, intra
172.27.0.123/32, ubest/mbest: 2/0, attached
    *via 172.27.0.123, Lo0, [0/0], 3y4w, local
    *via 172.27.0.123, Lo0, [0/0], 3y4w, direct
172.27.0.125/32, ubest/mbest: 2/0
    *via 172.27.4.1, Eth1/51, [110/201], 2y15w, ospf-2, intra
    *via 172.27.4.5, Eth1/52, [110/201], 2y15w, ospf-2, intra
172.27.4.0/30, ubest/mbest: 1/0, attached
    *via 172.27.4.2, Eth1/51, [0/0], 2y15w, direct
172.27.4.2/32, ubest/mbest: 1/0, attached
    *via 172.27.4.2, Eth1/51, [0/0], 2y15w, local
172.27.4.4/30, ubest/mbest: 1/0, attached
    *via 172.27.4.6, Eth1/52, [0/0], 2y15w, direct
172.27.4.6/32, ubest/mbest: 1/0, attached
    *via 172.27.4.6, Eth1/52, [0/0], 2y15w, local
172.27.4.8/30, ubest/mbest: 1/0
    *via 172.27.4.1, Eth1/51, [110/200], 2y15w, ospf-2, intra
172.27.4.12/30, ubest/mbest: 1/0
    *via 172.27.4.5, Eth1/52, [110/200], 2y15w, ospf-2, intra
172.27.4.16/30, ubest/mbest: 2/0
    *via 172.27.4.1, Eth1/51, [110/210], 2y15w, ospf-2, intra
    *via 172.27.4.5, Eth1/52, [110/210], 2y15w, ospf-2, intra
172.27.4.20/30, ubest/mbest: 1/0, attached
    *via 172.27.4.21, Vlan9, [0/0], 3y4w, direct
172.27.4.21/32, ubest/mbest: 1/0, attached
    *via 172.27.4.21, Vlan9, [0/0], 3y4w, local
172.27.4.24/30, ubest/mbest: 2/0
    *via 172.27.4.1, Eth1/51, [110/420], 2y15w, ospf-2, intra
    *via 172.27.4.5, Eth1/52, [110/420], 2y15w, ospf-2, intra
172.27.4.28/30, ubest/mbest: 1/0
    *via 172.27.4.1, Eth1/51, [110/200], 2y15w, ospf-2, intra
172.27.4.32/30, ubest/mbest: 1/0
    *via 172.27.4.5, Eth1/52, [110/200], 2y15w, ospf-2, intra
172.27.4.36/30, ubest/mbest: 1/0
    *via 172.27.4.1, Eth1/51, [110/200], 2y15w, ospf-2, intra
172.27.4.40/30, ubest/mbest: 1/0
    *via 172.27.4.5, Eth1/52, [110/200], 2y15w, ospf-2, intra
172.27.4.52/30, ubest/mbest: 1/0
    *via 172.27.4.1, Eth1/51, [110/430], 1y7w, ospf-2, intra
172.27.4.56/30, ubest/mbest: 1/0
    *via 172.27.4.1, Eth1/51, [110/830], 4w5d, ospf-2, intra
172.27.4.60/30, ubest/mbest: 1/0
    *via 172.27.4.1, Eth1/51, [110/320], 2y15w, ospf-2, intra
172.27.4.68/30, ubest/mbest: 1/0
    *via 172.27.4.1, Eth1/51, [110/430], 2y15w, ospf-2, intra
172.27.4.72/30, ubest/mbest: 1/0
    *via 172.27.4.1, Eth1/51, [110/320], 1y7w, ospf-2, intra
172.27.4.80/30, ubest/mbest: 1/0
    *via 172.27.4.1, Eth1/51, [110/430], 2y15w, ospf-2, intra
172.27.4.84/30, ubest/mbest: 1/0
    *via 172.27.4.1, Eth1/51, [110/320], 2y15w, ospf-2, intra
172.27.4.88/30, ubest/mbest: 1/0
    *via 172.27.4.1, Eth1/51, [110/420], 35w5d, ospf-2, intra
172.27.4.92/30, ubest/mbest: 1/0
    *via 172.27.4.1, Eth1/51, [110/320], 2y15w, ospf-2, intra
172.27.4.96/30, ubest/mbest: 1/0
    *via 172.27.4.1, Eth1/51, [110/420], 2y15w, ospf-2, intra
172.27.4.104/30, ubest/mbest: 1/0
    *via 172.27.4.1, Eth1/51, [110/210], 2y15w, ospf-2, intra
172.27.5.0/30, ubest/mbest: 1/0, attached
    *via 172.27.5.1, Vlan8, [0/0], 43w4d, direct
172.27.5.1/32, ubest/mbest: 1/0, attached
    *via 172.27.5.1, Vlan8, [0/0], 43w4d, local

KKT-S1#    sh lldp nei
            ^
% Invalid command at '^' marker.
