NET-S1# sh run

!Command: show running-config
!No configuration change since last restart
!Time: Sun Mar  8 21:41:04 2026

version 10.3(5) Bios:version 05.51 
system memory-thresholds minor 97 severe 98 critical 99

switchname NET-S1
vdc NET-S1 id 1
  limit-resource vlan minimum 16 maximum 4094
  limit-resource vrf minimum 2 maximum 4096
  limit-resource port-channel minimum 0 maximum 511
  limit-resource m4route-mem minimum 58 maximum 58
  limit-resource m6route-mem minimum 8 maximum 8

feature telnet
cfs eth distribute
feature ospf
feature pim
feature msdp
feature interface-vlan
feature vn-segment-vlan-based
feature hsrp
feature lacp
feature dhcp
clock timezone MET 1 0
clock summer-time MEST 5 sun mar 3:00 5 Sun Oct 2:00 60
feature nv overlay

mac address-table aging-time 3600

role name readonly
  rule 2 deny command configure terminal
  rule 1 permit read  
no password strength-check
username admin password 5 $5$JJNFED$C287KofcU0Ft0yMJNZwXgqMAEyQzO.MADMrXUEYsdM5  role network-admin
username usn password 5 $5$HPDFIJ$E/5eqNfgXZnLOWXiULSafwR9oEmVRyn0o2ECAMFU8hC  role network-operator
username usn passphrase  lifetime 99999 warntime 14 gracetime 3
username mark password 5 $5$IKOLMM$5zpm9P/I6Rrhg7n63e81Jz0MOvIyCQpdxUUNMXBjJo.  role readonly
username mark passphrase  lifetime 99999 warntime 14 gracetime 3
ip domain-lookup
copp profile strict
snmp-server user usn network-operator auth md5 057A93892FBB27571EE1D27DB357829581D5 priv des 367B41542DAB9CBBCE0692B1D9012F82C3E7 localizedV2key
snmp-server user mark readonly auth md5 01766AFBDE739CEF963A8EF92ED4B7895027 priv aes-128 175C38D5A625A999984BD2BB38DFA2E86416 localizedV2key
snmp-server user admin network-admin auth md5 0x029a8f6a9c65bd2bba20d64aed708741 priv des 0x029a8f6a9c65bd2bba20d64aed708741 localizedkey
rmon event 1 log trap public description FATAL(1) owner PMON@FATAL
rmon event 2 log trap public description CRITICAL(2) owner PMON@CRITICAL
rmon event 3 log trap public description ERROR(3) owner PMON@ERROR
rmon event 4 log trap public description WARNING(4) owner PMON@WARNING
rmon event 5 log trap public description INFORMATION(5) owner PMON@INFO
snmp-server community usn group network-operator
ntp server ntp.sotnet use-vrf management
ntp source-interface mgmt0
ntp logging
logging message interface type ethernet description
errdisable recovery interval 120
no errdisable detect cause link-flap
no errdisable detect cause loopback

ip pim rp-address 172.27.0.1 group-list 239.27.0.0/16
ip pim ssm range 232.0.0.0/8
ip pim auto-rp forward listen
ip pim register-source loopback0
ip igmp ssm-translate 239.27.0.0/16 172.27.0.1
vlan 1,11-14,20,30,61-66,69,91,97-101,103-106,110-113,118,122,141-142,160,191,205,208-212,215,217,224,281,303,305,310,333,390,400-401,403-405,407,410,412-414,418,420-422,430-431,442,452,470-473,481-482,500-504,507-511,513
-517,520-523,555,560-571,581-582,590,600,603,651,655,660-661,670,684-687,695,753,760-765,802,810,822,824-825,849-853,858,880-886,888
vlan 890-896,900,902,982
vlan 11
  name EOK-BKT
vlan 12
  name KKT-NET
vlan 13
  name OSPF-GERINC
vlan 14
  name SRTG
vlan 20
  name BKT-NET
vlan 30
  name ELTE
vlan 61
  name MGMT-B
vlan 62
  name MGMT-K
vlan 63
  name MGMT-N
vlan 64
  name MGMT-ALETRA
vlan 65
  name MGMT-VMVARE1
vlan 66
  name MGMT-VMVARE2
vlan 69
  name MGMT-SE
vlan 91
  name FIREWALL
vlan 97
  name EUREST
vlan 98
  name SE-KIADO
vlan 99
  name SE-KFT
vlan 100
  name BKT-gerinc
vlan 101
  name BEHIVO
vlan 103
  name IKGR
vlan 104
  name DMZ1
vlan 105
  name DMZ2
vlan 106
  name BKTSERVERS
vlan 110
  name BKT-GUEST
vlan 111
  name SE-WIFI
vlan 112
  name SE-WIFI-2
vlan 113
  name PACS
vlan 118
  name KONF3
vlan 122
  name GFI
vlan 141
  name HIS
vlan 142
  name SAP
vlan 160
  name IPTEL-BKT
vlan 191
  name EDUGUEST
vlan 205
  name SZEM2
vlan 208
  name HOGYES
vlan 209
  name LIB
vlan 210
  name BOR
vlan 211
  name ROCHE
vlan 212
  name TRANS
vlan 215
  name FOK
vlan 217
  name ROKK
vlan 224
  name ROCHE-BELSO
vlan 281
  name SZERVES
vlan 303
  name TELKP
vlan 305
  name BTIG_TEL
vlan 310
  name SZAKKEP
vlan 333
  name PROBA
vlan 390
  name CISCO_CAP
vlan 400
  name KKTGERINC
vlan 401
  name INF
vlan 403
  name GYER1
vlan 404
  name BEL1
vlan 405
  name UROL
vlan 407
  name TOMO
vlan 410
  name FULO
vlan 412
  name KORANYI-PROJEKT
vlan 413
  name SEB1
vlan 414
  name PULMO
vlan 418
  name RADI
vlan 420
  name LABMED
vlan 421
  name INF2
vlan 422
  name INFADMIN
vlan 430
  name BTIG
vlan 431
  name BIZTTECH
vlan 442
  name BALASSA
vlan 452
  name BARCZI
vlan 470
  name VPN-DOLG
vlan 471
  name WIFI-DOLG
vlan 472
  name EDU-DOLG
vlan 473
  name EDU-STUD
vlan 481
  name ANA1
vlan 482
  name ANA2
vlan 500
  name NET-GERINC
vlan 501
  name SZOL1
vlan 502
  name ORAL
vlan 503
  name PHARMA
vlan 504
  name MIKRO
vlan 507
  name BIOL
vlan 508
  name GYHAT
vlan 509
  name KOZEG
vlan 510
  name KORTAN
vlan 511
  name MAGTUD
vlan 513
  name NETGH
vlan 514
  name KISSEB
vlan 515
  name KARDIO
vlan 516
  name LEPENY
vlan 517
  name IMMUNLAB
vlan 520
  name KORTAN_BELSO
vlan 521
  name REZSO-KOLL
vlan 522
  name REZSO
vlan 523
  name MENTAL
vlan 555
  name DC-BELSO
vlan 560
  name AP-BKT1
vlan 561
  name AP-BKT2
vlan 562
  name AP-BKT3
vlan 563
  name AP-KKT1
vlan 564
  name AP-KKT2
vlan 565
  name AP-KKT3
vlan 566
  name AP-NET1
vlan 567
  name AP-NET2
vlan 568
  name AP-RKT
vlan 569
  name AP-ETK
vlan 570
  name AP-KOL1
vlan 571
  name AP-KOL2
vlan 581
  name KONF1
vlan 582
  name KONF2
vlan 590
  name EUREST2
vlan 600
  name NETLAN
vlan 603
  name IPTEL-NET
vlan 651
  name DIOSZEGI
vlan 655
  name OVODA
vlan 660
  name ERNO
vlan 661
  name BESZIG
vlan 670
  name ISTVANKH
vlan 684
  name FERENC
vlan 685
  name HARSFA
vlan 686
  name KATAI-KOLL
vlan 687
  name SPORTTELEP
vlan 695
  name HARSFA-KOLL
vlan 753
  name EOK-WIFI-AP
vlan 760
  name EOK-TEL
vlan 761
  name BIFI
vlan 762
  name OVI
vlan 763
  name OBI
vlan 764
  name ELET
vlan 765
  name ELET2
vlan 802
  name SZTOK
vlan 810
  name GAZDFIG
vlan 822
  name MERENYI
vlan 824
  name IPTEL-MER
vlan 825
  name E-INK-MER
vlan 849
  name LEGKEZELO
vlan 850
  name MGMT-KB
vlan 851
  name IPTEL-KB
vlan 852
  name ORTOPEDIA
vlan 853
  name LABOR
vlan 858
  name ARO
vlan 880
  name REHAB-G
vlan 881
  name REHAB
vlan 882
  name REHAB-TEL
vlan 883
  name REHAB-BTI
vlan 884
  name REHAB-DMZ
vlan 885
  name REHAB-GUEST
vlan 886
  name REHAB-AP
vlan 888
  name REHAB-MGMT
vlan 890
  name ORFI-MGMT
vlan 891
  name ORFI-AP
vlan 892
  name ORFI-DOLG
vlan 893
  name ORFI-BIZT
vlan 894
  name ORFI-DIAG
vlan 895
  name ORFI-TEL
vlan 896
  name ORFI-SERV
vlan 900
  name SW-RADIO
vlan 902
  name KUTTUNNEL
vlan 982
  name NIIF-INTERNET

ip prefix-list loopback-core seq 10 permit 172.27.0.0/24 eq 32 
route-map loopback-map permit 10
  match ip address prefix-list loopback-core 
service dhcp
ip dhcp relay
ipv6 dhcp relay
vrf context management
  ip domain-name sotnet
  ip name-server 10.63.64.2
  ip route 0.0.0.0/0 10.63.64.1
vrf context sotnet


interface Vlan1

interface Ethernet1/1
  description MARKUSOVSZKY_KOLL
  switchport
  switchport mode trunk
  switchport trunk native vlan 69
  switchport trunk allowed vlan 63,69,191,390,431,442,521-522,570,603,685,695

interface Ethernet1/2
  description DC
  switchport
  switchport mode trunk
  switchport access vlan 63
  switchport trunk native vlan 63
  switchport trunk allowed vlan 63,69,98,100,110,118,390,410,431,505,513,516,521,753

interface Ethernet1/3
  description KOZEG 13. emelet
  switchport
  switchport mode trunk

interface Ethernet1/4
  description KOZEG 21. emelet
  switchport
  switchport mode trunk

interface Ethernet1/5
  description PHARMA
  switchport
  switchport mode trunk
  switchport trunk allowed vlan 69,390,431,503,753

interface Ethernet1/6
  description II.EM.
  switchport
  switchport mode trunk
  switchport trunk allowed vlan 69,98-99,110,390,430-431,503,513

interface Ethernet1/7

interface Ethernet1/8

interface Ethernet1/9

interface Ethernet1/10

interface Ethernet1/11

interface Ethernet1/12

interface Ethernet1/13

interface Ethernet1/14

interface Ethernet1/15

interface Ethernet1/16

interface Ethernet1/17

interface Ethernet1/18

interface Ethernet1/19

interface Ethernet1/20

interface Ethernet1/21

interface Ethernet1/22

interface Ethernet1/23

interface Ethernet1/24

interface Ethernet1/25

interface Ethernet1/26

interface Ethernet1/27

interface Ethernet1/28

interface Ethernet1/29

interface Ethernet1/30

interface Ethernet1/31

interface Ethernet1/32

interface Ethernet1/33

interface Ethernet1/34

interface Ethernet1/35

interface Ethernet1/36

interface Ethernet1/37

interface Ethernet1/38

interface Ethernet1/39

interface Ethernet1/40

interface Ethernet1/41

interface Ethernet1/42

interface Ethernet1/43

interface Ethernet1/44

interface Ethernet1/45

interface Ethernet1/46
  description BKATA 10G
  switchport
  switchport mode trunk
  switchport trunk native vlan 20
  switchport trunk allowed vlan 10-1000

interface Ethernet1/47
  description *** KKT 10G
  switchport
  switchport mode trunk
  switchport trunk native vlan 12
  switchport trunk allowed vlan 10-1000

interface Ethernet1/48
  description NKATA
  switchport
  switchport mode trunk
  switchport trunk native vlan 69
  switchport trunk allowed vlan 10-1000

interface Ethernet1/49
  description NEXUS 100G Gerinc
  switchport
  switchport mode trunk
  switchport trunk allowed vlan 10-1000,2000-2020

interface Ethernet1/50
  description NEXUS 100G Gerinc
  shutdown
  switchport
  switchport mode trunk
  switchport trunk allowed vlan 10-1000,2000-2020

interface Ethernet1/51

interface Ethernet1/52

interface Ethernet1/53

interface Ethernet1/54
  description VXLAN-CORE
  mtu 9100
  ip address 172.27.4.102/30
  ip ospf cost 100
  ip ospf network point-to-point
  no ip ospf passive-interface
  ip router ospf 2 area 172.27.0.0
  ip pim sparse-mode
  no shutdown

interface mgmt0
  vrf member management
  ip address 10.63.66.34/21

interface loopback0
  ip address 172.27.0.34/32
  ip router ospf 2 area 172.27.0.0
  ip pim sparse-mode
  ip igmp join-group 239.27.0.1
icam monitor scale

cli alias name wr copy running-config startup-config
cli alias name wrnet copy running-config tftp://tftp.sotnet/$(SWITCHNAME).cfg vrf management
cli alias name c conf t
line console
line vty
  exec-timeout 120
boot nxos bootflash:/nxos64-cs.10.3.5.M.bin 
router ospf 2
  router-id 172.27.0.34
  log-adjacency-changes detail
  table-map loopback-map filter
  passive-interface default
no system default switchport shutdown



NET-S1#     sh int statu

--------------------------------------------------------------------------------
Port          Name               Status    Vlan      Duplex  Speed   Type
--------------------------------------------------------------------------------
mgmt0         --                 connected routed    full    1000    --         

--------------------------------------------------------------------------------
Port          Name               Status    Vlan      Duplex  Speed   Type
--------------------------------------------------------------------------------
Eth1/1        MARKUSOVSZKY_KOLL  connected trunk     full    10G     10Gbase-LR 
Eth1/2        DC                 connected trunk     full    10G     10Gbase-SR 
Eth1/3        KOZEG 13. emelet   connected trunk     full    10G     10Gbase-SR 
Eth1/4        KOZEG 21. emelet   connected trunk     full    10G     10Gbase-SR 
Eth1/5        PHARMA             connected trunk     full    10G     10Gbase-SR 
Eth1/6        II.EM.             connected trunk     full    10G     10Gbase-SR 
Eth1/7        --                 disabled  routed    auto    auto    1000base-T 
Eth1/8        --                 disabled  routed    auto    auto    1000base-T 
Eth1/9        --                 disabled  routed    auto    auto    1000base-T 
Eth1/10       --                 disabled  routed    auto    auto    1000base-T 
Eth1/11       --                 disabled  routed    auto    auto    1000base-T 
Eth1/12       --                 disabled  routed    auto    auto    1000base-T 
Eth1/13       --                 disabled  routed    auto    auto    1000base-T 
Eth1/14       --                 disabled  routed    auto    auto    1000base-T 
Eth1/15       --                 disabled  routed    auto    auto    1000base-T 
Eth1/16       --                 disabled  routed    auto    auto    1000base-T 
Eth1/17       --                 disabled  routed    auto    auto    1000base-T 
Eth1/18       --                 disabled  routed    auto    auto    1000base-T 
Eth1/19       --                 xcvrAbsen routed    auto    auto    --         
Eth1/20       --                 xcvrAbsen routed    auto    auto    --         
Eth1/21       --                 xcvrAbsen routed    auto    auto    --         
Eth1/22       --                 xcvrAbsen routed    auto    auto    --         
Eth1/23       --                 xcvrAbsen routed    auto    auto    --         
Eth1/24       --                 xcvrAbsen routed    auto    auto    --         
Eth1/25       --                 xcvrAbsen routed    auto    auto    --         
Eth1/26       --                 xcvrAbsen routed    auto    auto    --         
Eth1/27       --                 xcvrAbsen routed    auto    auto    --         
Eth1/28       --                 xcvrAbsen routed    auto    auto    --         
Eth1/29       --                 xcvrAbsen routed    auto    auto    --         
Eth1/30       --                 xcvrAbsen routed    auto    auto    --         
Eth1/31       --                 xcvrAbsen routed    auto    auto    --         
Eth1/32       --                 xcvrAbsen routed    auto    auto    --         
Eth1/33       --                 xcvrAbsen routed    auto    auto    --         
Eth1/34       --                 xcvrAbsen routed    auto    auto    --         
Eth1/35       --                 xcvrAbsen routed    auto    auto    --         
Eth1/36       --                 xcvrAbsen routed    auto    auto    --         
Eth1/37       --                 xcvrAbsen routed    auto    auto    --         
Eth1/38       --                 xcvrAbsen routed    auto    auto    --         
Eth1/39       --                 xcvrAbsen routed    auto    auto    --         
Eth1/40       --                 xcvrAbsen routed    auto    auto    --         
Eth1/41       --                 xcvrAbsen routed    auto    auto    --         
Eth1/42       --                 xcvrAbsen routed    auto    auto    --         
Eth1/43       --                 xcvrAbsen routed    auto    auto    --         
Eth1/44       --                 xcvrAbsen routed    auto    auto    --         
Eth1/45       --                 xcvrAbsen routed    auto    auto    --         
Eth1/46       BKATA 10G          xcvrAbsen trunk     auto    auto    --         
Eth1/47       *** KKT 10G        xcvrAbsen trunk     auto    auto    --         
Eth1/48       NKATA              connected trunk     full    10G     10Gbase-SR 
Eth1/49       NEXUS 100G Gerinc  connected trunk     full    100G    QSFP-100G-LR4
Eth1/50       NEXUS 100G Gerinc  disabled  trunk     auto    auto    QSFP-100G-LR4
Eth1/51       --                 xcvrAbsen routed    auto    auto    --         
Eth1/52       --                 xcvrAbsen routed    auto    auto    --         
Eth1/53       --                 xcvrAbsen routed    auto    auto    --         
Eth1/54       VXLAN-CORE         xcvrAbsen routed    auto    auto    --         

--------------------------------------------------------------------------------
Port          Name               Status    Vlan      Duplex  Speed   Type
--------------------------------------------------------------------------------
Lo0           --                 connected routed    auto    auto    --         

--------------------------------------------------------------------------------
Port          Name               Status    Vlan      Duplex  Speed   Type
--------------------------------------------------------------------------------
Vlan1         --                 down      routed    auto    auto    --
NET-S1#   sh int desc 

-------------------------------------------------------------------------------
Interface                Description                                            
-------------------------------------------------------------------------------
mgmt0                    --

-------------------------------------------------------------------------------
Port          Type   Speed   Description
-------------------------------------------------------------------------------
Eth1/1        eth    10G     MARKUSOVSZKY_KOLL
Eth1/2        eth    10G     DC
Eth1/3        eth    10G     KOZEG 13. emelet
Eth1/4        eth    10G     KOZEG 21. emelet
Eth1/5        eth    10G     PHARMA
Eth1/6        eth    10G     II.EM.
Eth1/7        eth    1000    --
Eth1/8        eth    1000    --
Eth1/9        eth    1000    --
Eth1/10       eth    1000    --
Eth1/11       eth    1000    --
Eth1/12       eth    1000    --
Eth1/13       eth    1000    --
Eth1/14       eth    1000    --
Eth1/15       eth    1000    --
Eth1/16       eth    1000    --
Eth1/17       eth    1000    --
Eth1/18       eth    1000    --
Eth1/19       eth    25G     --
Eth1/20       eth    25G     --
Eth1/21       eth    25G     --
Eth1/22       eth    25G     --
Eth1/23       eth    25G     --
Eth1/24       eth    25G     --
Eth1/25       eth    25G     --
Eth1/26       eth    25G     --
Eth1/27       eth    25G     --
Eth1/28       eth    25G     --
Eth1/29       eth    25G     --
Eth1/30       eth    25G     --
Eth1/31       eth    25G     --
Eth1/32       eth    25G     --
Eth1/33       eth    25G     --
Eth1/34       eth    25G     --
Eth1/35       eth    25G     --
Eth1/36       eth    25G     --
Eth1/37       eth    25G     --
Eth1/38       eth    25G     --
Eth1/39       eth    25G     --
Eth1/40       eth    25G     --
Eth1/41       eth    25G     --
Eth1/42       eth    25G     --
Eth1/43       eth    25G     --
Eth1/44       eth    25G     --
Eth1/45       eth    25G     --
Eth1/46       eth    25G     BKATA 10G
Eth1/47       eth    25G     *** KKT 10G
Eth1/48       eth    10G     NKATA
Eth1/49       eth    100G    NEXUS 100G Gerinc
Eth1/50       eth    100G    NEXUS 100G Gerinc
Eth1/51       eth    100G    --
Eth1/52       eth    100G    --
Eth1/53       eth    100G    --
Eth1/54       eth    100G    VXLAN-CORE

-------------------------------------------------------------------------------
Interface                Description                                            
-------------------------------------------------------------------------------
Lo0                      --

-------------------------------------------------------------------------------
Interface                Description                                            
-------------------------------------------------------------------------------
Vlan1                    --
NET-S1#  sh cdp nei de
----------------------------------------
Device ID:NKATA.sote.hu
VTP Management Domain Name: NET

Interface address(es): 1
    IPv4 Address: 10.63.64.1
Platform: cisco WS-C6509-E, Capabilities: Router Switch IGMP Filtering 
Interface: mgmt0, Port ID (outgoing port): GigabitEthernet4/35
Holdtime: 144 sec

Version:
Cisco Internetwork Operating System Software 
IOS (tm) s72033_rp Software (s72033_rp-ENTSERVICESK9_WAN-M), Version 12.2(18)SXF10, RELEASE SOFTWARE (fc1)
Technical Support: http://www.cisco.com/techsupport
Copyright (c) 1986-2007 by cisco Systems, Inc.
Compiled Fri 13-Jul-07 07:48 by kellythw

Advertisement Version: 2

Native VLAN: 69
Duplex: full
Local Interface MAC: 38:fd:f8:1c:6e:a0
Remote Interface MAC: 00:13:1a:42:b5:aa
DC_UUID:  
----------------------------------------
Device ID:STA-REZSO.sotnet
VTP Management Domain Name: sotnet

Interface address(es): 1
    IPv4 Address: 10.63.64.119
Platform: cisco C9200L-24P-4X, Capabilities: Switch IGMP Filtering 
Interface: Ethernet1/1, Port ID (outgoing port): TenGigabitEthernet1/1/1
Holdtime: 152 sec

Version:
Cisco IOS Software [Cupertino], Catalyst L3 Switch Software (CAT9K_LITE_IOSXE), Version 17.8.1, RELEASE SOFTWARE (fc2)
Technical Support: http://www.cisco.com/techsupport
Copyright (c) 1986-2022 by Cisco Systems, Inc.
Compiled Sat 09-Apr-22 00:34 by mcpre

Advertisement Version: 2

Native VLAN: 69
Duplex: full
Mgmt address(es):
    IPv4 Address: 10.63.64.119
Local Interface MAC: 38:fd:f8:1c:6e:a8
Remote Interface MAC: 5c:a6:2d:26:e1:99
DC_UUID:  
----------------------------------------
Device ID:SW2-NETAULA.intra.usn.hu
VTP Management Domain Name: NET2

Interface address(es): 1
    IPv4 Address: 10.95.100.20
Platform: cisco WS-C2960X-24PD-L, Capabilities: Switch IGMP Filtering 
Interface: Ethernet1/2, Port ID (outgoing port): TenGigabitEthernet1/0/1
Holdtime: 141 sec

Version:
Cisco IOS Software, C2960X Software (C2960X-UNIVERSALK9-M), Version 15.2(2)E7, RELEASE SOFTWARE (fc3)
Technical Support: http://www.cisco.com/techsupport
Copyright (c) 1986-2017 by Cisco Systems, Inc.
Compiled Wed 12-Jul-17 13:06 by prod_rel_team

Advertisement Version: 2

Native VLAN: 63
Duplex: full
Mgmt address(es):
    IPv4 Address: 10.95.100.20
Local Interface MAC: 38:fd:f8:1c:6e:a9
Remote Interface MAC: 00:2f:5c:56:56:1b
DC_UUID:  
----------------------------------------
Device ID:ST01-KOZEG.sotnet
VTP Management Domain Name: sotnet

Interface address(es): 1
    IPv4 Address: 10.63.65.97
Platform: cisco C9200L-24PXG-4X, Capabilities: Switch IGMP Filtering 
Interface: Ethernet1/3, Port ID (outgoing port): TenGigabitEthernet1/1/1
Holdtime: 129 sec

Version:
Cisco IOS Software [Cupertino], Catalyst L3 Switch Software (CAT9K_LITE_IOSXE), Version 17.9.4a, RELEASE SOFTWARE (fc3)
Technical Support: http://www.cisco.com/techsupport
Copyright (c) 1986-2023 by Cisco Systems, Inc.
Compiled Fri 20-Oct-23 10:33 by mcpre

Advertisement Version: 2

Native VLAN: 1
Duplex: full
Mgmt address(es):
    IPv4 Address: 10.63.65.97
Local Interface MAC: 38:fd:f8:1c:6e:aa
Remote Interface MAC: 9c:09:8b:21:31:19
DC_UUID:  
----------------------------------------
Device ID:ST02-KOZEG.sotnet
VTP Management Domain Name: sotnet

Interface address(es): 1
    IPv4 Address: 10.63.65.98
Platform: cisco C9200L-24PXG-4X, Capabilities: Switch IGMP Filtering 
Interface: Ethernet1/4, Port ID (outgoing port): TenGigabitEthernet1/1/1
Holdtime: 135 sec

Version:
Cisco IOS Software [Cupertino], Catalyst L3 Switch Software (CAT9K_LITE_IOSXE), Version 17.9.5, RELEASE SOFTWARE (fc1)
Technical Support: http://www.cisco.com/techsupport
Copyright (c) 1986-2024 by Cisco Systems, Inc.
Compiled Tue 30-Jan-24 15:36 by mcpre

Advertisement Version: 2

Native VLAN: 1
Duplex: full
Mgmt address(es):
    IPv4 Address: 10.63.65.98
Local Interface MAC: 38:fd:f8:1c:6e:ab
Remote Interface MAC: 9c:09:8b:26:73:19
DC_UUID:  
----------------------------------------
Device ID:ST01-PHARMA.sotnet
VTP Management Domain Name: sotnet

Interface address(es): 1
    IPv4 Address: 10.63.64.173
Platform: cisco C9200L-48P-4G, Capabilities: Switch IGMP Filtering 
Interface: Ethernet1/5, Port ID (outgoing port): TenGigabitEthernet2/1/1
Holdtime: 157 sec

Version:
Cisco IOS Software [Cupertino], Catalyst L3 Switch Software (CAT9K_LITE_IOSXE), Version 17.8.1, RELEASE SOFTWARE (fc2)
Technical Support: http://www.cisco.com/techsupport
Copyright (c) 1986-2022 by Cisco Systems, Inc.
Compiled Sat 09-Apr-22 00:34 by mcpre

Advertisement Version: 2

Native VLAN: 1
Duplex: full
Mgmt address(es):
    IPv4 Address: 10.63.64.173
Local Interface MAC: 38:fd:f8:1c:6e:ac
Remote Interface MAC: 48:a1:70:c6:ad:b1
DC_UUID:  
----------------------------------------
Device ID:ST01-NETGH.sotnet

Interface address(es): 1
    IPv4 Address: 10.63.65.145
Platform: cisco C9200L-48T-4G, Capabilities: Switch IGMP Filtering 
Interface: Ethernet1/6, Port ID (outgoing port): TenGigabitEthernet2/1/1
Holdtime: 121 sec

Version:
Cisco IOS Software [Dublin], Catalyst L3 Switch Software (CAT9K_LITE_IOSXE), Version 17.12.5, RELEASE SOFTWARE (fc5)
Technical Support: http://www.cisco.com/techsupport
Copyright (c) 1986-2025 by Cisco Systems, Inc.
Compiled Fri 14-Mar-25 02:48 by mcpre

Advertisement Version: 2

Native VLAN: 1
Duplex: full
Mgmt address(es):
    IPv4 Address: 10.63.65.145
Local Interface MAC: 38:fd:f8:1c:6e:ad
Remote Interface MAC: 54:51:de:7b:63:31
DC_UUID:  
----------------------------------------
Device ID:NKATA.sote.hu
VTP Management Domain Name: NET

Interface address(es): 1
    IPv4 Address: 193.6.209.10
Platform: cisco WS-C6509-E, Capabilities: Router Switch IGMP Filtering 
Interface: Ethernet1/48, Port ID (outgoing port): TenGigabitEthernet9/4
Holdtime: 127 sec

Version:
Cisco Internetwork Operating System Software 
IOS (tm) s72033_rp Software (s72033_rp-ENTSERVICESK9_WAN-M), Version 12.2(18)SXF10, RELEASE SOFTWARE (fc1)
Technical Support: http://www.cisco.com/techsupport
Copyright (c) 1986-2007 by cisco Systems, Inc.
Compiled Fri 13-Jul-07 07:48 by kellythw

Advertisement Version: 2

Native VLAN: 69
Duplex: full
Local Interface MAC: 38:fd:f8:1c:6e:d7
Remote Interface MAC: 00:1b:d4:ab:17:d3
DC_UUID:  
----------------------------------------
Device ID:KKT-S1.sotnet(FDO25432FQH)
System Name: KKT-S1

Interface address(es): 1
    IPv4 Address: 172.27.5.1
Platform: N9K-C93180YC-FX, Capabilities: Router Switch IGMP Filtering Supports-STP-Dispute
Interface: Ethernet1/49, Port ID (outgoing port): Ethernet1/49
Holdtime: 137 sec

Version:
Cisco Nexus Operating System (NX-OS) Software, Version 9.3(10)

Advertisement Version: 2

Native VLAN: 1
Duplex: full

MTU: 1500
Mgmt address(es):
    IPv4 Address: 10.63.66.23
Local Interface MAC: 38:fd:f8:1c:6e:d8
Remote Interface MAC: 38:fd:f8:1c:65:78
DC_UUID:  
NET-S1#  sh ip route
IP Route Table for VRF "default"
'*' denotes best ucast next-hop
'**' denotes best mcast next-hop
'[x/y]' denotes [preference/metric]
'%<string>' in via output denotes VRF <string>

172.27.0.34/32, ubest/mbest: 2/0, attached
    *via 172.27.0.34, Lo0, [0/0], 1y21w, local
    *via 172.27.0.34, Lo0, [0/0], 1y21w, direct

NET-S1# sh vrf
VRF-Name                           VRF-ID State   Reason                        
default                                 1 Up      --                            
egress-loadbalance-resolution-          3 Up      --                            
management                              2 Up      --                            
sotnet                                  4 Up      --                            
NET-S1# sh ip route vrf sotnet
IP Route Table for VRF "sotnet"
'*' denotes best ucast next-hop
'**' denotes best mcast next-hop
'[x/y]' denotes [preference/metric]
'%<string>' in via output denotes VRF <string>


NET-S1# sh ip route ?
% Incomplete command
NET-S1# show ip route ?
  <CR>         
  >            Redirect it to a file
  >>           Redirect it to a file in append mode
  A.B.C.D      Display single route longest match lookup
  A.B.C.D/LEN  Display single exact match route
  am           Display routes owned by adjacency manager
  arp          Display connected routes owned by arp
  bind-label   Display routes with this bind-label only
  broadcast    Display connected routes owned by broadcast
  detail       Display routes in full detail
  direct       Display connected routes owned by direct
  hsrp         Display connected routes owned by hsrp
  interface    Display routes with this output interface only
  ip           Display IP information
  ipv4         Display IP information
  l3vm-info    Display corresponding L3VM information
  local        Display connected routes owned by local
  monitor      Display connected routes owned by monitor
  mstatic      Display routes owned by mstatic
  next-hop     Display routes with this next-hop only
  next-hop-v6  Display routes with this V6 next-hop only
  nve          Display routes owned by nve
  ofm          Display routes owned by ofm
  ospf-2       Display routes owned by ospf-2
  rpf          Display RPF information for multicast source
  sal          Display connected routes owned by sal
  static       Display routes owned by static
  summary      Display route counts
  topology     Display per-topology information
  unicast      Display unicast information
  updated      Display routes filtered by last updated time
  vrf          Display per-VRF information
  |            Pipe command output to filter

NET-S1# show ip route vrf ?
  WORD                            VRF name (Max Size 32)
  all                             Display information for all VRFs
  default                         Known VRF name
  egress-loadbalance-resolution-  Internal VRF for VXLAN-EVPN Egress Load Balancing computed paths
  management                      Known VRF name
  sotnet                          Known VRF name

NET-S1# show ip route vrf all 
IP Route Table for VRF "default"
'*' denotes best ucast next-hop
'**' denotes best mcast next-hop
'[x/y]' denotes [preference/metric]
'%<string>' in via output denotes VRF <string>

172.27.0.34/32, ubest/mbest: 2/0, attached
    *via 172.27.0.34, Lo0, [0/0], 1y21w, local
    *via 172.27.0.34, Lo0, [0/0], 1y21w, direct

IP Route Table for VRF "management"
'*' denotes best ucast next-hop
'**' denotes best mcast next-hop
'[x/y]' denotes [preference/metric]
'%<string>' in via output denotes VRF <string>

0.0.0.0/0, ubest/mbest: 1/0
    *via 10.63.64.1, [1/0], 1y21w, static
10.63.64.0/21, ubest/mbest: 1/0, attached
    *via 10.63.66.34, mgmt0, [0/0], 1y21w, direct
10.63.66.34/32, ubest/mbest: 1/0, attached
    *via 10.63.66.34, mgmt0, [0/0], 1y21w, local

IP Route Table for VRF "sotnet"
'*' denotes best ucast next-hop
'**' denotes best mcast next-hop
'[x/y]' denotes [preference/metric]
'%<string>' in via output denotes VRF <string>


IP Route Table for VRF "egress-loadbalance-resolution-"
'*' denotes best ucast next-hop
'**' denotes best mcast next-hop
'[x/y]' denotes [preference/metric]
'%<string>' in via output denotes VRF <string>


